2020-05-07 12:31:22.8114|INFO|CityInfoAPI.Program|Initializing application...
2020-05-07 12:31:26.0591|INFO|Microsoft.EntityFrameworkCore.Infrastructure|Entity Framework Core 2.1.14-servicing-32113 initialized 'CityInfoContext' using provider 'Microsoft.EntityFrameworkCore.SqlServer' with options: None
2020-05-07 12:31:27.2401|INFO|Microsoft.EntityFrameworkCore.Database.Command|Executed DbCommand (24ms) [Parameters=[], CommandType='Text', CommandTimeout='60']
IF SERVERPROPERTY('EngineEdition') <> 5
BEGIN
    ALTER DATABASE [CityInfoDB] SET SINGLE_USER WITH ROLLBACK IMMEDIATE;
END;
2020-05-07 12:31:27.2959|INFO|Microsoft.EntityFrameworkCore.Database.Command|Executed DbCommand (50ms) [Parameters=[], CommandType='Text', CommandTimeout='60']
DROP DATABASE [CityInfoDB];
2020-05-07 12:31:37.4133|INFO|Microsoft.EntityFrameworkCore.Database.Command|Executed DbCommand (91ms) [Parameters=[], CommandType='Text', CommandTimeout='60']
CREATE DATABASE [CityInfoDB];
2020-05-07 12:31:37.4636|INFO|Microsoft.EntityFrameworkCore.Database.Command|Executed DbCommand (46ms) [Parameters=[], CommandType='Text', CommandTimeout='60']
IF SERVERPROPERTY('EngineEdition') <> 5
BEGIN
    ALTER DATABASE [CityInfoDB] SET READ_COMMITTED_SNAPSHOT ON;
END;
2020-05-07 12:31:37.5062|INFO|Microsoft.EntityFrameworkCore.Database.Command|Executed DbCommand (5ms) [Parameters=[], CommandType='Text', CommandTimeout='30']
CREATE TABLE [__EFMigrationsHistory] (
    [MigrationId] nvarchar(150) NOT NULL,
    [ProductVersion] nvarchar(32) NOT NULL,
    CONSTRAINT [PK___EFMigrationsHistory] PRIMARY KEY ([MigrationId])
);
2020-05-07 12:31:37.5062|INFO|Microsoft.EntityFrameworkCore.Database.Command|Executed DbCommand (3ms) [Parameters=[], CommandType='Text', CommandTimeout='30']
SELECT OBJECT_ID(N'[__EFMigrationsHistory]');
2020-05-07 12:31:37.5062|INFO|Microsoft.EntityFrameworkCore.Database.Command|Executed DbCommand (2ms) [Parameters=[], CommandType='Text', CommandTimeout='30']
SELECT [MigrationId], [ProductVersion]
FROM [__EFMigrationsHistory]
ORDER BY [MigrationId];
2020-05-07 12:31:37.5227|INFO|Microsoft.EntityFrameworkCore.Migrations|Applying migration '20200408094330_CityInfoDBInitialMigration'.
2020-05-07 12:31:37.5362|INFO|Microsoft.EntityFrameworkCore.Database.Command|Executed DbCommand (1ms) [Parameters=[], CommandType='Text', CommandTimeout='30']
CREATE TABLE [Cities] (
    [Id] int NOT NULL IDENTITY,
    [Name] nvarchar(50) NOT NULL,
    [Description] nvarchar(200) NULL,
    CONSTRAINT [PK_Cities] PRIMARY KEY ([Id])
);
2020-05-07 12:31:37.5362|INFO|Microsoft.EntityFrameworkCore.Database.Command|Executed DbCommand (2ms) [Parameters=[], CommandType='Text', CommandTimeout='30']
CREATE TABLE [PointOfInterest] (
    [Id] int NOT NULL IDENTITY,
    [Name] nvarchar(50) NOT NULL,
    [CityId] int NOT NULL,
    CONSTRAINT [PK_PointOfInterest] PRIMARY KEY ([Id]),
    CONSTRAINT [FK_PointOfInterest_Cities_CityId] FOREIGN KEY ([CityId]) REFERENCES [Cities] ([Id]) ON DELETE CASCADE
);
2020-05-07 12:31:37.5362|INFO|Microsoft.EntityFrameworkCore.Database.Command|Executed DbCommand (1ms) [Parameters=[], CommandType='Text', CommandTimeout='30']
CREATE INDEX [IX_PointOfInterest_CityId] ON [PointOfInterest] ([CityId]);
2020-05-07 12:31:37.5362|INFO|Microsoft.EntityFrameworkCore.Database.Command|Executed DbCommand (2ms) [Parameters=[], CommandType='Text', CommandTimeout='30']
INSERT INTO [__EFMigrationsHistory] ([MigrationId], [ProductVersion])
VALUES (N'20200408094330_CityInfoDBInitialMigration', N'2.1.14-servicing-32113');
2020-05-07 12:31:37.5362|INFO|Microsoft.EntityFrameworkCore.Migrations|Applying migration '20200408095834_CityInfoDBAddPoIDescription'.
2020-05-07 12:31:37.5549|INFO|Microsoft.EntityFrameworkCore.Database.Command|Executed DbCommand (1ms) [Parameters=[], CommandType='Text', CommandTimeout='30']
ALTER TABLE [PointOfInterest] ADD [Description] nvarchar(200) NULL;
2020-05-07 12:31:37.5549|INFO|Microsoft.EntityFrameworkCore.Database.Command|Executed DbCommand (0ms) [Parameters=[], CommandType='Text', CommandTimeout='30']
INSERT INTO [__EFMigrationsHistory] ([MigrationId], [ProductVersion])
VALUES (N'20200408095834_CityInfoDBAddPoIDescription', N'2.1.14-servicing-32113');
2020-05-07 12:31:37.5549|INFO|Microsoft.EntityFrameworkCore.Migrations|Applying migration '20200408101808_SampleData'.
2020-05-07 12:31:37.5890|INFO|Microsoft.EntityFrameworkCore.Database.Command|Executed DbCommand (23ms) [Parameters=[], CommandType='Text', CommandTimeout='30']
IF EXISTS (SELECT * FROM [sys].[identity_columns] WHERE [name] IN (N'Id', N'Description', N'Name') AND [object_id] = OBJECT_ID(N'[Cities]'))
    SET IDENTITY_INSERT [Cities] ON;
INSERT INTO [Cities] ([Id], [Description], [Name])
VALUES (1, N'The one with that big park.', N'New York City');
IF EXISTS (SELECT * FROM [sys].[identity_columns] WHERE [name] IN (N'Id', N'Description', N'Name') AND [object_id] = OBJECT_ID(N'[Cities]'))
    SET IDENTITY_INSERT [Cities] OFF;
2020-05-07 12:31:37.5890|INFO|Microsoft.EntityFrameworkCore.Database.Command|Executed DbCommand (5ms) [Parameters=[], CommandType='Text', CommandTimeout='30']
IF EXISTS (SELECT * FROM [sys].[identity_columns] WHERE [name] IN (N'Id', N'Description', N'Name') AND [object_id] = OBJECT_ID(N'[Cities]'))
    SET IDENTITY_INSERT [Cities] ON;
INSERT INTO [Cities] ([Id], [Description], [Name])
VALUES (2, N'The one with the cathedral that was never really finished.', N'Antwerp');
IF EXISTS (SELECT * FROM [sys].[identity_columns] WHERE [name] IN (N'Id', N'Description', N'Name') AND [object_id] = OBJECT_ID(N'[Cities]'))
    SET IDENTITY_INSERT [Cities] OFF;
2020-05-07 12:31:37.6037|INFO|Microsoft.EntityFrameworkCore.Database.Command|Executed DbCommand (5ms) [Parameters=[], CommandType='Text', CommandTimeout='30']
IF EXISTS (SELECT * FROM [sys].[identity_columns] WHERE [name] IN (N'Id', N'Description', N'Name') AND [object_id] = OBJECT_ID(N'[Cities]'))
    SET IDENTITY_INSERT [Cities] ON;
INSERT INTO [Cities] ([Id], [Description], [Name])
VALUES (3, N'The one with that big tower.', N'Paris');
IF EXISTS (SELECT * FROM [sys].[identity_columns] WHERE [name] IN (N'Id', N'Description', N'Name') AND [object_id] = OBJECT_ID(N'[Cities]'))
    SET IDENTITY_INSERT [Cities] OFF;
2020-05-07 12:31:37.6037|INFO|Microsoft.EntityFrameworkCore.Database.Command|Executed DbCommand (8ms) [Parameters=[], CommandType='Text', CommandTimeout='30']
IF EXISTS (SELECT * FROM [sys].[identity_columns] WHERE [name] IN (N'Id', N'CityId', N'Description', N'Name') AND [object_id] = OBJECT_ID(N'[PointOfInterest]'))
    SET IDENTITY_INSERT [PointOfInterest] ON;
INSERT INTO [PointOfInterest] ([Id], [CityId], [Description], [Name])
VALUES (1, 1, N'The most visited urban park in the United States.', N'Central Park'),
(2, 1, N'A 102-story skyscraper located in Midtown Manhattan.', N'Empire State Building'),
(3, 2, N'A Gothic style cathedral, conceived by architects Jan and Pieter Appelmans.', N'Cathedral'),
(4, 2, N'The the finest example of railway architecture in Belgium.', N'Antwerp Central Station'),
(5, 3, N'A wrought iron lattice tower on the Champ de Mars, named after engineer Gustave Eiffel.', N'Eiffel Tower'),
(6, 3, N'The world''s largest museum.', N'The Louvre');
IF EXISTS (SELECT * FROM [sys].[identity_columns] WHERE [name] IN (N'Id', N'CityId', N'Description', N'Name') AND [object_id] = OBJECT_ID(N'[PointOfInterest]'))
    SET IDENTITY_INSERT [PointOfInterest] OFF;
2020-05-07 12:31:37.6156|INFO|Microsoft.EntityFrameworkCore.Database.Command|Executed DbCommand (1ms) [Parameters=[], CommandType='Text', CommandTimeout='30']
INSERT INTO [__EFMigrationsHistory] ([MigrationId], [ProductVersion])
VALUES (N'20200408101808_SampleData', N'2.1.14-servicing-32113');
2020-05-07 12:31:37.6156|INFO|Microsoft.EntityFrameworkCore.Migrations|Applying migration '20200415111037_AddLanguage'.
2020-05-07 12:31:37.6333|INFO|Microsoft.EntityFrameworkCore.Database.Command|Executed DbCommand (1ms) [Parameters=[], CommandType='Text', CommandTimeout='30']
CREATE TABLE [Languages] (
    [Id] int NOT NULL IDENTITY,
    [LanguageName] nvarchar(50) NOT NULL,
    CONSTRAINT [PK_Languages] PRIMARY KEY ([Id])
);
2020-05-07 12:31:37.6333|INFO|Microsoft.EntityFrameworkCore.Database.Command|Executed DbCommand (2ms) [Parameters=[], CommandType='Text', CommandTimeout='30']
CREATE TABLE [CityLanguages] (
    [CityId] int NOT NULL,
    [LanguageId] int NOT NULL,
    CONSTRAINT [PK_CityLanguages] PRIMARY KEY ([CityId], [LanguageId]),
    CONSTRAINT [FK_CityLanguages_Cities_CityId] FOREIGN KEY ([CityId]) REFERENCES [Cities] ([Id]) ON DELETE CASCADE,
    CONSTRAINT [FK_CityLanguages_Languages_LanguageId] FOREIGN KEY ([LanguageId]) REFERENCES [Languages] ([Id]) ON DELETE CASCADE
);
2020-05-07 12:31:37.6333|INFO|Microsoft.EntityFrameworkCore.Database.Command|Executed DbCommand (1ms) [Parameters=[], CommandType='Text', CommandTimeout='30']
CREATE INDEX [IX_CityLanguages_LanguageId] ON [CityLanguages] ([LanguageId]);
2020-05-07 12:31:37.6333|INFO|Microsoft.EntityFrameworkCore.Database.Command|Executed DbCommand (0ms) [Parameters=[], CommandType='Text', CommandTimeout='30']
INSERT INTO [__EFMigrationsHistory] ([MigrationId], [ProductVersion])
VALUES (N'20200415111037_AddLanguage', N'2.1.14-servicing-32113');
2020-05-07 12:31:37.6333|INFO|Microsoft.EntityFrameworkCore.Migrations|Applying migration '20200415124150_LanguageName'.
2020-05-07 12:31:37.7815|INFO|Microsoft.EntityFrameworkCore.Database.Command|Executed DbCommand (133ms) [Parameters=[], CommandType='Text', CommandTimeout='30']
EXEC sp_rename N'[Languages].[LanguageName]', N'Name', N'COLUMN';
2020-05-07 12:31:37.7815|INFO|Microsoft.EntityFrameworkCore.Database.Command|Executed DbCommand (0ms) [Parameters=[], CommandType='Text', CommandTimeout='30']
INSERT INTO [__EFMigrationsHistory] ([MigrationId], [ProductVersion])
VALUES (N'20200415124150_LanguageName', N'2.1.14-servicing-32113');
2020-05-07 12:31:37.8476|INFO|Microsoft.AspNetCore.DataProtection.KeyManagement.XmlKeyManager|User profile is available. Using 'C:\Users\TheOwlGamerPC\AppData\Local\ASP.NET\DataProtection-Keys' as key repository and Windows DPAPI to encrypt keys at rest.
2020-05-07 12:31:38.3285|INFO|Microsoft.AspNetCore.Hosting.Internal.WebHost|Request starting HTTP/1.1 DEBUG http://localhost:1028/  0
2020-05-07 12:31:38.3414|INFO|Microsoft.AspNetCore.Hosting.Internal.WebHost|Request finished in 11.823ms 200 
2020-05-07 12:31:42.9483|INFO|Microsoft.AspNetCore.Hosting.Internal.WebHost|Request starting HTTP/1.1 POST http://localhost:1028/api/languages application/json 21
2020-05-07 12:31:43.0344|INFO|Microsoft.AspNetCore.Mvc.Internal.ControllerActionInvoker|Route matched with {action = "AddLanguages", controller = "Language"}. Executing controller action with signature Microsoft.AspNetCore.Mvc.IActionResult AddLanguages(CityInfoAPI.Models.LanguageOfCreation) on controller CityInfoAPI.Controllers.LanguageController (CityInfoAPI).
2020-05-07 12:31:43.3671|INFO|Microsoft.AspNetCore.Mvc.Internal.ControllerActionInvoker|Executing action method CityInfoAPI.Controllers.LanguageController.AddLanguages (CityInfoAPI) - Validation state: Valid
2020-05-07 12:31:43.3860|INFO|Microsoft.EntityFrameworkCore.Infrastructure|Entity Framework Core 2.1.14-servicing-32113 initialized 'CityInfoContext' using provider 'Microsoft.EntityFrameworkCore.SqlServer' with options: None
2020-05-07 12:31:43.4320|INFO|Microsoft.EntityFrameworkCore.Database.Command|Executed DbCommand (3ms) [Parameters=[@p0='?' (Size = 50)], CommandType='Text', CommandTimeout='30']
SET NOCOUNT ON;
INSERT INTO [Languages] ([Name])
VALUES (@p0);
SELECT [Id]
FROM [Languages]
WHERE @@ROWCOUNT = 1 AND [Id] = scope_identity();
2020-05-07 12:31:43.4511|INFO|Microsoft.AspNetCore.Mvc.Internal.ControllerActionInvoker|Executed action method CityInfoAPI.Controllers.LanguageController.AddLanguages (CityInfoAPI), returned result Microsoft.AspNetCore.Mvc.CreatedAtRouteResult in 80.0913ms.
2020-05-07 12:31:43.4583|INFO|Microsoft.AspNetCore.Mvc.Infrastructure.ObjectResultExecutor|Executing ObjectResult, writing value of type 'CityInfoAPI.Models.LanguageDto'.
2020-05-07 12:31:43.4740|INFO|Microsoft.AspNetCore.Mvc.Internal.ControllerActionInvoker|Executed action CityInfoAPI.Controllers.LanguageController.AddLanguages (CityInfoAPI) in 435.4225ms
2020-05-07 12:31:43.4740|INFO|Microsoft.AspNetCore.Hosting.Internal.WebHost|Request finished in 531.4518ms 201 application/json; charset=utf-8
2020-05-07 12:31:49.6072|INFO|Microsoft.AspNetCore.Hosting.Internal.WebHost|Request starting HTTP/1.1 POST http://localhost:1028/api/cities/1/languages application/json 12
2020-05-07 12:31:49.6072|INFO|Microsoft.AspNetCore.Mvc.Internal.ControllerActionInvoker|Route matched with {action = "AddLanguageFromCity", controller = "Cities"}. Executing controller action with signature Microsoft.AspNetCore.Mvc.IActionResult AddLanguageFromCity(Int32, CityInfoAPI.Models.LanguageCityForAddingDto) on controller CityInfoAPI.Controllers.CitiesController (CityInfoAPI).
2020-05-07 12:31:49.6235|INFO|Microsoft.AspNetCore.Mvc.Internal.ControllerActionInvoker|Executing action method CityInfoAPI.Controllers.CitiesController.AddLanguageFromCity (CityInfoAPI) - Validation state: Valid
2020-05-07 12:31:49.6235|INFO|Microsoft.EntityFrameworkCore.Infrastructure|Entity Framework Core 2.1.14-servicing-32113 initialized 'CityInfoContext' using provider 'Microsoft.EntityFrameworkCore.SqlServer' with options: None
2020-05-07 12:31:49.7221|INFO|Microsoft.EntityFrameworkCore.Database.Command|Executed DbCommand (2ms) [Parameters=[@__cityId_0='?' (DbType = Int32)], CommandType='Text', CommandTimeout='30']
SELECT CASE
    WHEN EXISTS (
        SELECT 1
        FROM [Cities] AS [c]
        WHERE [c].[Id] = @__cityId_0)
    THEN CAST(1 AS BIT) ELSE CAST(0 AS BIT)
END
2020-05-07 12:31:49.7330|INFO|Microsoft.EntityFrameworkCore.Database.Command|Executed DbCommand (2ms) [Parameters=[@__id_0='?' (DbType = Int32)], CommandType='Text', CommandTimeout='30']
SELECT CASE
    WHEN EXISTS (
        SELECT 1
        FROM [Languages] AS [l]
        WHERE [l].[Id] = @__id_0)
    THEN CAST(1 AS BIT) ELSE CAST(0 AS BIT)
END
2020-05-07 12:31:49.7501|INFO|Microsoft.EntityFrameworkCore.Database.Command|Executed DbCommand (4ms) [Parameters=[@p0='?' (DbType = Int32), @p1='?' (DbType = Int32)], CommandType='Text', CommandTimeout='30']
SET NOCOUNT ON;
INSERT INTO [CityLanguages] ([CityId], [LanguageId])
VALUES (@p0, @p1);
2020-05-07 12:31:49.7566|INFO|Microsoft.AspNetCore.Mvc.Internal.ControllerActionInvoker|Executed action method CityInfoAPI.Controllers.CitiesController.AddLanguageFromCity (CityInfoAPI), returned result Microsoft.AspNetCore.Mvc.NoContentResult in 128.4189ms.
2020-05-07 12:31:49.7566|INFO|Microsoft.AspNetCore.Mvc.StatusCodeResult|Executing HttpStatusCodeResult, setting HTTP status code 204
2020-05-07 12:31:49.7566|INFO|Microsoft.AspNetCore.Mvc.Internal.ControllerActionInvoker|Executed action CityInfoAPI.Controllers.CitiesController.AddLanguageFromCity (CityInfoAPI) in 152.4598ms
2020-05-07 12:31:49.7728|INFO|Microsoft.AspNetCore.Hosting.Internal.WebHost|Request finished in 164.8455ms 204 
2020-05-07 12:32:07.8103|INFO|Microsoft.AspNetCore.Hosting.Internal.WebHost|Request starting HTTP/1.1 GET http://localhost:1028/api/languages/1  
2020-05-07 12:32:07.8206|INFO|Microsoft.AspNetCore.Mvc.Internal.ControllerActionInvoker|Route matched with {action = "GetLanguage", controller = "Language"}. Executing controller action with signature Microsoft.AspNetCore.Mvc.ActionResult`1[CityInfoAPI.Models.CityDto] GetLanguage(Int32) on controller CityInfoAPI.Controllers.LanguageController (CityInfoAPI).
2020-05-07 12:32:07.8206|INFO|Microsoft.AspNetCore.Mvc.Internal.ControllerActionInvoker|Executing action method CityInfoAPI.Controllers.LanguageController.GetLanguage (CityInfoAPI) - Validation state: Valid
2020-05-07 12:32:07.8327|INFO|Microsoft.EntityFrameworkCore.Infrastructure|Entity Framework Core 2.1.14-servicing-32113 initialized 'CityInfoContext' using provider 'Microsoft.EntityFrameworkCore.SqlServer' with options: None
2020-05-07 12:32:07.8327|INFO|Microsoft.EntityFrameworkCore.Database.Command|Executed DbCommand (1ms) [Parameters=[@__languageId_0='?' (DbType = Int32)], CommandType='Text', CommandTimeout='30']
SELECT TOP(2) [l].[Id], [l].[Name]
FROM [Languages] AS [l]
WHERE [l].[Id] = @__languageId_0
2020-05-07 12:32:07.8531|INFO|Microsoft.AspNetCore.Mvc.Internal.ControllerActionInvoker|Executed action method CityInfoAPI.Controllers.LanguageController.GetLanguage (CityInfoAPI), returned result Microsoft.AspNetCore.Mvc.OkObjectResult in 22.4877ms.
2020-05-07 12:32:07.8531|INFO|Microsoft.AspNetCore.Mvc.Infrastructure.ObjectResultExecutor|Executing ObjectResult, writing value of type 'CityInfoAPI.Models.LanguageDto'.
2020-05-07 12:32:07.8531|INFO|Microsoft.AspNetCore.Mvc.Internal.ControllerActionInvoker|Executed action CityInfoAPI.Controllers.LanguageController.GetLanguage (CityInfoAPI) in 33.1913ms
2020-05-07 12:32:07.8531|INFO|Microsoft.AspNetCore.Hosting.Internal.WebHost|Request finished in 49.241ms 200 application/json; charset=utf-8
2020-05-07 12:32:13.9468|INFO|Microsoft.AspNetCore.Hosting.Internal.WebHost|Request starting HTTP/1.1 GET http://localhost:1028/api/languages/1/cities  
2020-05-07 12:32:13.9468|INFO|Microsoft.AspNetCore.Mvc.Internal.ControllerActionInvoker|Route matched with {action = "GetCitiesFromLanguages", controller = "Language"}. Executing controller action with signature Microsoft.AspNetCore.Mvc.ActionResult`1[System.Collections.Generic.IEnumerable`1[CityInfoAPI.Models.CityDto]] GetCitiesFromLanguages(Int32) on controller CityInfoAPI.Controllers.LanguageController (CityInfoAPI).
2020-05-07 12:32:13.9468|INFO|Microsoft.AspNetCore.Mvc.Internal.ControllerActionInvoker|Executing action method CityInfoAPI.Controllers.LanguageController.GetCitiesFromLanguages (CityInfoAPI) - Validation state: Valid
2020-05-07 12:32:18.0197|INFO|Microsoft.EntityFrameworkCore.Infrastructure|Entity Framework Core 2.1.14-servicing-32113 initialized 'CityInfoContext' using provider 'Microsoft.EntityFrameworkCore.SqlServer' with options: None
2020-05-07 12:32:18.0248|INFO|Microsoft.EntityFrameworkCore.Database.Command|Executed DbCommand (1ms) [Parameters=[@__id_0='?' (DbType = Int32)], CommandType='Text', CommandTimeout='30']
SELECT CASE
    WHEN EXISTS (
        SELECT 1
        FROM [Languages] AS [l]
        WHERE [l].[Id] = @__id_0)
    THEN CAST(1 AS BIT) ELSE CAST(0 AS BIT)
END
2020-05-07 12:32:25.2875|INFO|Microsoft.EntityFrameworkCore.Database.Command|Executed DbCommand (3ms) [Parameters=[@__languageID_0='?' (DbType = Int32)], CommandType='Text', CommandTimeout='30']
SELECT [x].[Id], [x].[Description], [x].[Name]
FROM [Cities] AS [x]
WHERE EXISTS (
    SELECT 1
    FROM [CityLanguages] AS [cl]
    WHERE ([cl].[LanguageId] = @__languageID_0) AND ([x].[Id] = [cl].[CityId]))
2020-05-07 12:32:29.1993|INFO|Microsoft.EntityFrameworkCore.Database.Command|Executed DbCommand (0ms) [Parameters=[@__languageID_0='?' (DbType = Int32)], CommandType='Text', CommandTimeout='30']
SELECT [x].[Id], [x].[Description], [x].[Name]
FROM [Cities] AS [x]
WHERE EXISTS (
    SELECT 1
    FROM [CityLanguages] AS [cl]
    WHERE ([cl].[LanguageId] = @__languageID_0) AND ([x].[Id] = [cl].[CityId]))
2020-05-07 12:32:29.1993|INFO|Microsoft.AspNetCore.Mvc.Internal.ControllerActionInvoker|Executed action method CityInfoAPI.Controllers.LanguageController.GetCitiesFromLanguages (CityInfoAPI), returned result Microsoft.AspNetCore.Mvc.OkObjectResult in 15243.6986ms.
2020-05-07 12:32:29.1993|INFO|Microsoft.AspNetCore.Mvc.Infrastructure.ObjectResultExecutor|Executing ObjectResult, writing value of type 'System.Collections.Generic.List`1[[CityInfoAPI.Models.CityDto, CityInfoAPI, Version=1.0.0.0, Culture=neutral, PublicKeyToken=null]]'.
2020-05-07 12:32:29.2156|INFO|Microsoft.AspNetCore.Mvc.Internal.ControllerActionInvoker|Executed action CityInfoAPI.Controllers.LanguageController.GetCitiesFromLanguages (CityInfoAPI) in 15261.1561ms
2020-05-07 12:32:29.2156|INFO|Microsoft.AspNetCore.Hosting.Internal.WebHost|Request finished in 15270.9559ms 200 application/json; charset=utf-8
2020-05-07 12:33:58.0557|INFO|CityInfoAPI.Program|Initializing application...
2020-05-07 12:33:59.2645|INFO|Microsoft.EntityFrameworkCore.Infrastructure|Entity Framework Core 2.1.14-servicing-32113 initialized 'CityInfoContext' using provider 'Microsoft.EntityFrameworkCore.SqlServer' with options: None
2020-05-07 12:33:59.9914|INFO|Microsoft.EntityFrameworkCore.Database.Command|Executed DbCommand (3ms) [Parameters=[], CommandType='Text', CommandTimeout='60']
IF SERVERPROPERTY('EngineEdition') <> 5
BEGIN
    ALTER DATABASE [CityInfoDB] SET SINGLE_USER WITH ROLLBACK IMMEDIATE;
END;
2020-05-07 12:34:00.0126|INFO|Microsoft.EntityFrameworkCore.Database.Command|Executed DbCommand (16ms) [Parameters=[], CommandType='Text', CommandTimeout='60']
DROP DATABASE [CityInfoDB];
2020-05-07 12:34:10.1217|INFO|Microsoft.EntityFrameworkCore.Database.Command|Executed DbCommand (95ms) [Parameters=[], CommandType='Text', CommandTimeout='60']
CREATE DATABASE [CityInfoDB];
2020-05-07 12:34:10.1576|INFO|Microsoft.EntityFrameworkCore.Database.Command|Executed DbCommand (34ms) [Parameters=[], CommandType='Text', CommandTimeout='60']
IF SERVERPROPERTY('EngineEdition') <> 5
BEGIN
    ALTER DATABASE [CityInfoDB] SET READ_COMMITTED_SNAPSHOT ON;
END;
2020-05-07 12:34:10.1989|INFO|Microsoft.EntityFrameworkCore.Database.Command|Executed DbCommand (5ms) [Parameters=[], CommandType='Text', CommandTimeout='30']
CREATE TABLE [__EFMigrationsHistory] (
    [MigrationId] nvarchar(150) NOT NULL,
    [ProductVersion] nvarchar(32) NOT NULL,
    CONSTRAINT [PK___EFMigrationsHistory] PRIMARY KEY ([MigrationId])
);
2020-05-07 12:34:10.1989|INFO|Microsoft.EntityFrameworkCore.Database.Command|Executed DbCommand (1ms) [Parameters=[], CommandType='Text', CommandTimeout='30']
SELECT OBJECT_ID(N'[__EFMigrationsHistory]');
2020-05-07 12:34:10.1989|INFO|Microsoft.EntityFrameworkCore.Database.Command|Executed DbCommand (1ms) [Parameters=[], CommandType='Text', CommandTimeout='30']
SELECT [MigrationId], [ProductVersion]
FROM [__EFMigrationsHistory]
ORDER BY [MigrationId];
2020-05-07 12:34:10.2125|INFO|Microsoft.EntityFrameworkCore.Migrations|Applying migration '20200408094330_CityInfoDBInitialMigration'.
2020-05-07 12:34:10.2245|INFO|Microsoft.EntityFrameworkCore.Database.Command|Executed DbCommand (1ms) [Parameters=[], CommandType='Text', CommandTimeout='30']
CREATE TABLE [Cities] (
    [Id] int NOT NULL IDENTITY,
    [Name] nvarchar(50) NOT NULL,
    [Description] nvarchar(200) NULL,
    CONSTRAINT [PK_Cities] PRIMARY KEY ([Id])
);
2020-05-07 12:34:10.2245|INFO|Microsoft.EntityFrameworkCore.Database.Command|Executed DbCommand (2ms) [Parameters=[], CommandType='Text', CommandTimeout='30']
CREATE TABLE [PointOfInterest] (
    [Id] int NOT NULL IDENTITY,
    [Name] nvarchar(50) NOT NULL,
    [CityId] int NOT NULL,
    CONSTRAINT [PK_PointOfInterest] PRIMARY KEY ([Id]),
    CONSTRAINT [FK_PointOfInterest_Cities_CityId] FOREIGN KEY ([CityId]) REFERENCES [Cities] ([Id]) ON DELETE CASCADE
);
2020-05-07 12:34:10.2245|INFO|Microsoft.EntityFrameworkCore.Database.Command|Executed DbCommand (1ms) [Parameters=[], CommandType='Text', CommandTimeout='30']
CREATE INDEX [IX_PointOfInterest_CityId] ON [PointOfInterest] ([CityId]);
2020-05-07 12:34:10.2245|INFO|Microsoft.EntityFrameworkCore.Database.Command|Executed DbCommand (1ms) [Parameters=[], CommandType='Text', CommandTimeout='30']
INSERT INTO [__EFMigrationsHistory] ([MigrationId], [ProductVersion])
VALUES (N'20200408094330_CityInfoDBInitialMigration', N'2.1.14-servicing-32113');
2020-05-07 12:34:10.2245|INFO|Microsoft.EntityFrameworkCore.Migrations|Applying migration '20200408095834_CityInfoDBAddPoIDescription'.
2020-05-07 12:34:10.2409|INFO|Microsoft.EntityFrameworkCore.Database.Command|Executed DbCommand (1ms) [Parameters=[], CommandType='Text', CommandTimeout='30']
ALTER TABLE [PointOfInterest] ADD [Description] nvarchar(200) NULL;
2020-05-07 12:34:10.2409|INFO|Microsoft.EntityFrameworkCore.Database.Command|Executed DbCommand (1ms) [Parameters=[], CommandType='Text', CommandTimeout='30']
INSERT INTO [__EFMigrationsHistory] ([MigrationId], [ProductVersion])
VALUES (N'20200408095834_CityInfoDBAddPoIDescription', N'2.1.14-servicing-32113');
2020-05-07 12:34:10.2409|INFO|Microsoft.EntityFrameworkCore.Migrations|Applying migration '20200408101808_SampleData'.
2020-05-07 12:34:10.2721|INFO|Microsoft.EntityFrameworkCore.Database.Command|Executed DbCommand (20ms) [Parameters=[], CommandType='Text', CommandTimeout='30']
IF EXISTS (SELECT * FROM [sys].[identity_columns] WHERE [name] IN (N'Id', N'Description', N'Name') AND [object_id] = OBJECT_ID(N'[Cities]'))
    SET IDENTITY_INSERT [Cities] ON;
INSERT INTO [Cities] ([Id], [Description], [Name])
VALUES (1, N'The one with that big park.', N'New York City');
IF EXISTS (SELECT * FROM [sys].[identity_columns] WHERE [name] IN (N'Id', N'Description', N'Name') AND [object_id] = OBJECT_ID(N'[Cities]'))
    SET IDENTITY_INSERT [Cities] OFF;
2020-05-07 12:34:10.2721|INFO|Microsoft.EntityFrameworkCore.Database.Command|Executed DbCommand (5ms) [Parameters=[], CommandType='Text', CommandTimeout='30']
IF EXISTS (SELECT * FROM [sys].[identity_columns] WHERE [name] IN (N'Id', N'Description', N'Name') AND [object_id] = OBJECT_ID(N'[Cities]'))
    SET IDENTITY_INSERT [Cities] ON;
INSERT INTO [Cities] ([Id], [Description], [Name])
VALUES (2, N'The one with the cathedral that was never really finished.', N'Antwerp');
IF EXISTS (SELECT * FROM [sys].[identity_columns] WHERE [name] IN (N'Id', N'Description', N'Name') AND [object_id] = OBJECT_ID(N'[Cities]'))
    SET IDENTITY_INSERT [Cities] OFF;
2020-05-07 12:34:10.2867|INFO|Microsoft.EntityFrameworkCore.Database.Command|Executed DbCommand (6ms) [Parameters=[], CommandType='Text', CommandTimeout='30']
IF EXISTS (SELECT * FROM [sys].[identity_columns] WHERE [name] IN (N'Id', N'Description', N'Name') AND [object_id] = OBJECT_ID(N'[Cities]'))
    SET IDENTITY_INSERT [Cities] ON;
INSERT INTO [Cities] ([Id], [Description], [Name])
VALUES (3, N'The one with that big tower.', N'Paris');
IF EXISTS (SELECT * FROM [sys].[identity_columns] WHERE [name] IN (N'Id', N'Description', N'Name') AND [object_id] = OBJECT_ID(N'[Cities]'))
    SET IDENTITY_INSERT [Cities] OFF;
2020-05-07 12:34:10.2867|INFO|Microsoft.EntityFrameworkCore.Database.Command|Executed DbCommand (8ms) [Parameters=[], CommandType='Text', CommandTimeout='30']
IF EXISTS (SELECT * FROM [sys].[identity_columns] WHERE [name] IN (N'Id', N'CityId', N'Description', N'Name') AND [object_id] = OBJECT_ID(N'[PointOfInterest]'))
    SET IDENTITY_INSERT [PointOfInterest] ON;
INSERT INTO [PointOfInterest] ([Id], [CityId], [Description], [Name])
VALUES (1, 1, N'The most visited urban park in the United States.', N'Central Park'),
(2, 1, N'A 102-story skyscraper located in Midtown Manhattan.', N'Empire State Building'),
(3, 2, N'A Gothic style cathedral, conceived by architects Jan and Pieter Appelmans.', N'Cathedral'),
(4, 2, N'The the finest example of railway architecture in Belgium.', N'Antwerp Central Station'),
(5, 3, N'A wrought iron lattice tower on the Champ de Mars, named after engineer Gustave Eiffel.', N'Eiffel Tower'),
(6, 3, N'The world''s largest museum.', N'The Louvre');
IF EXISTS (SELECT * FROM [sys].[identity_columns] WHERE [name] IN (N'Id', N'CityId', N'Description', N'Name') AND [object_id] = OBJECT_ID(N'[PointOfInterest]'))
    SET IDENTITY_INSERT [PointOfInterest] OFF;
2020-05-07 12:34:10.3041|INFO|Microsoft.EntityFrameworkCore.Database.Command|Executed DbCommand (2ms) [Parameters=[], CommandType='Text', CommandTimeout='30']
INSERT INTO [__EFMigrationsHistory] ([MigrationId], [ProductVersion])
VALUES (N'20200408101808_SampleData', N'2.1.14-servicing-32113');
2020-05-07 12:34:10.3041|INFO|Microsoft.EntityFrameworkCore.Migrations|Applying migration '20200415111037_AddLanguage'.
2020-05-07 12:34:10.3041|INFO|Microsoft.EntityFrameworkCore.Database.Command|Executed DbCommand (1ms) [Parameters=[], CommandType='Text', CommandTimeout='30']
CREATE TABLE [Languages] (
    [Id] int NOT NULL IDENTITY,
    [LanguageName] nvarchar(50) NOT NULL,
    CONSTRAINT [PK_Languages] PRIMARY KEY ([Id])
);
2020-05-07 12:34:10.3232|INFO|Microsoft.EntityFrameworkCore.Database.Command|Executed DbCommand (1ms) [Parameters=[], CommandType='Text', CommandTimeout='30']
CREATE TABLE [CityLanguages] (
    [CityId] int NOT NULL,
    [LanguageId] int NOT NULL,
    CONSTRAINT [PK_CityLanguages] PRIMARY KEY ([CityId], [LanguageId]),
    CONSTRAINT [FK_CityLanguages_Cities_CityId] FOREIGN KEY ([CityId]) REFERENCES [Cities] ([Id]) ON DELETE CASCADE,
    CONSTRAINT [FK_CityLanguages_Languages_LanguageId] FOREIGN KEY ([LanguageId]) REFERENCES [Languages] ([Id]) ON DELETE CASCADE
);
2020-05-07 12:34:10.3232|INFO|Microsoft.EntityFrameworkCore.Database.Command|Executed DbCommand (1ms) [Parameters=[], CommandType='Text', CommandTimeout='30']
CREATE INDEX [IX_CityLanguages_LanguageId] ON [CityLanguages] ([LanguageId]);
2020-05-07 12:34:10.3232|INFO|Microsoft.EntityFrameworkCore.Database.Command|Executed DbCommand (1ms) [Parameters=[], CommandType='Text', CommandTimeout='30']
INSERT INTO [__EFMigrationsHistory] ([MigrationId], [ProductVersion])
VALUES (N'20200415111037_AddLanguage', N'2.1.14-servicing-32113');
2020-05-07 12:34:10.3232|INFO|Microsoft.EntityFrameworkCore.Migrations|Applying migration '20200415124150_LanguageName'.
2020-05-07 12:34:10.4682|INFO|Microsoft.EntityFrameworkCore.Database.Command|Executed DbCommand (130ms) [Parameters=[], CommandType='Text', CommandTimeout='30']
EXEC sp_rename N'[Languages].[LanguageName]', N'Name', N'COLUMN';
2020-05-07 12:34:10.4682|INFO|Microsoft.EntityFrameworkCore.Database.Command|Executed DbCommand (0ms) [Parameters=[], CommandType='Text', CommandTimeout='30']
INSERT INTO [__EFMigrationsHistory] ([MigrationId], [ProductVersion])
VALUES (N'20200415124150_LanguageName', N'2.1.14-servicing-32113');
2020-05-07 12:34:10.4971|INFO|Microsoft.AspNetCore.DataProtection.KeyManagement.XmlKeyManager|User profile is available. Using 'C:\Users\TheOwlGamerPC\AppData\Local\ASP.NET\DataProtection-Keys' as key repository and Windows DPAPI to encrypt keys at rest.
2020-05-07 12:34:10.7385|INFO|Microsoft.AspNetCore.Hosting.Internal.WebHost|Request starting HTTP/1.1 DEBUG http://localhost:1028/  0
2020-05-07 12:34:10.7385|INFO|Microsoft.AspNetCore.Hosting.Internal.WebHost|Request starting HTTP/1.1 POST http://localhost:1028/api/languages application/json 21
2020-05-07 12:34:10.7516|INFO|Microsoft.AspNetCore.Hosting.Internal.WebHost|Request finished in 13.4051ms 200 
2020-05-07 12:34:10.8205|INFO|Microsoft.AspNetCore.Mvc.Internal.ControllerActionInvoker|Route matched with {action = "AddLanguages", controller = "Language"}. Executing controller action with signature Microsoft.AspNetCore.Mvc.IActionResult AddLanguages(CityInfoAPI.Models.LanguageOfCreation) on controller CityInfoAPI.Controllers.LanguageController (CityInfoAPI).
2020-05-07 12:34:11.1120|INFO|Microsoft.AspNetCore.Mvc.Internal.ControllerActionInvoker|Executing action method CityInfoAPI.Controllers.LanguageController.AddLanguages (CityInfoAPI) - Validation state: Valid
2020-05-07 12:34:11.1333|INFO|Microsoft.EntityFrameworkCore.Infrastructure|Entity Framework Core 2.1.14-servicing-32113 initialized 'CityInfoContext' using provider 'Microsoft.EntityFrameworkCore.SqlServer' with options: None
2020-05-07 12:34:11.1793|INFO|Microsoft.EntityFrameworkCore.Database.Command|Executed DbCommand (2ms) [Parameters=[@p0='?' (Size = 50)], CommandType='Text', CommandTimeout='30']
SET NOCOUNT ON;
INSERT INTO [Languages] ([Name])
VALUES (@p0);
SELECT [Id]
FROM [Languages]
WHERE @@ROWCOUNT = 1 AND [Id] = scope_identity();
2020-05-07 12:34:11.1957|INFO|Microsoft.AspNetCore.Mvc.Internal.ControllerActionInvoker|Executed action method CityInfoAPI.Controllers.LanguageController.AddLanguages (CityInfoAPI), returned result Microsoft.AspNetCore.Mvc.CreatedAtRouteResult in 79.0377ms.
2020-05-07 12:34:11.1957|INFO|Microsoft.AspNetCore.Mvc.Infrastructure.ObjectResultExecutor|Executing ObjectResult, writing value of type 'CityInfoAPI.Models.LanguageDto'.
2020-05-07 12:34:11.2184|INFO|Microsoft.AspNetCore.Mvc.Internal.ControllerActionInvoker|Executed action CityInfoAPI.Controllers.LanguageController.AddLanguages (CityInfoAPI) in 392.2211ms
2020-05-07 12:34:11.2251|INFO|Microsoft.AspNetCore.Hosting.Internal.WebHost|Request finished in 486.3376ms 201 application/json; charset=utf-8
2020-05-07 12:34:14.9542|INFO|Microsoft.AspNetCore.Hosting.Internal.WebHost|Request starting HTTP/1.1 POST http://localhost:1028/api/cities/1/languages application/json 12
2020-05-07 12:34:14.9630|INFO|Microsoft.AspNetCore.Mvc.Internal.ControllerActionInvoker|Route matched with {action = "AddLanguageFromCity", controller = "Cities"}. Executing controller action with signature Microsoft.AspNetCore.Mvc.IActionResult AddLanguageFromCity(Int32, CityInfoAPI.Models.LanguageCityForAddingDto) on controller CityInfoAPI.Controllers.CitiesController (CityInfoAPI).
2020-05-07 12:34:14.9630|INFO|Microsoft.AspNetCore.Mvc.Internal.ControllerActionInvoker|Executing action method CityInfoAPI.Controllers.CitiesController.AddLanguageFromCity (CityInfoAPI) - Validation state: Valid
2020-05-07 12:34:14.9630|INFO|Microsoft.EntityFrameworkCore.Infrastructure|Entity Framework Core 2.1.14-servicing-32113 initialized 'CityInfoContext' using provider 'Microsoft.EntityFrameworkCore.SqlServer' with options: None
2020-05-07 12:34:15.0457|INFO|Microsoft.EntityFrameworkCore.Database.Command|Executed DbCommand (1ms) [Parameters=[@__cityId_0='?' (DbType = Int32)], CommandType='Text', CommandTimeout='30']
SELECT CASE
    WHEN EXISTS (
        SELECT 1
        FROM [Cities] AS [c]
        WHERE [c].[Id] = @__cityId_0)
    THEN CAST(1 AS BIT) ELSE CAST(0 AS BIT)
END
2020-05-07 12:34:15.0544|INFO|Microsoft.EntityFrameworkCore.Database.Command|Executed DbCommand (1ms) [Parameters=[@__id_0='?' (DbType = Int32)], CommandType='Text', CommandTimeout='30']
SELECT CASE
    WHEN EXISTS (
        SELECT 1
        FROM [Languages] AS [l]
        WHERE [l].[Id] = @__id_0)
    THEN CAST(1 AS BIT) ELSE CAST(0 AS BIT)
END
2020-05-07 12:34:15.0544|INFO|Microsoft.EntityFrameworkCore.Database.Command|Executed DbCommand (1ms) [Parameters=[@p0='?' (DbType = Int32), @p1='?' (DbType = Int32)], CommandType='Text', CommandTimeout='30']
SET NOCOUNT ON;
INSERT INTO [CityLanguages] ([CityId], [LanguageId])
VALUES (@p0, @p1);
2020-05-07 12:34:15.0703|INFO|Microsoft.AspNetCore.Mvc.Internal.ControllerActionInvoker|Executed action method CityInfoAPI.Controllers.CitiesController.AddLanguageFromCity (CityInfoAPI), returned result Microsoft.AspNetCore.Mvc.NoContentResult in 97.8652ms.
2020-05-07 12:34:15.0703|INFO|Microsoft.AspNetCore.Mvc.StatusCodeResult|Executing HttpStatusCodeResult, setting HTTP status code 204
2020-05-07 12:34:15.0703|INFO|Microsoft.AspNetCore.Mvc.Internal.ControllerActionInvoker|Executed action CityInfoAPI.Controllers.CitiesController.AddLanguageFromCity (CityInfoAPI) in 112.1572ms
2020-05-07 12:34:15.0703|INFO|Microsoft.AspNetCore.Hosting.Internal.WebHost|Request finished in 128.0331ms 204 
2020-05-07 12:34:20.5020|INFO|Microsoft.AspNetCore.Hosting.Internal.WebHost|Request starting HTTP/1.1 GET http://localhost:1028/api/languages/1/cities  
2020-05-07 12:34:20.5091|INFO|Microsoft.AspNetCore.Mvc.Internal.ControllerActionInvoker|Route matched with {action = "GetCitiesFromLanguages", controller = "Language"}. Executing controller action with signature Microsoft.AspNetCore.Mvc.ActionResult`1[System.Collections.Generic.IEnumerable`1[CityInfoAPI.Models.CityDto]] GetCitiesFromLanguages(Int32) on controller CityInfoAPI.Controllers.LanguageController (CityInfoAPI).
2020-05-07 12:34:20.5091|INFO|Microsoft.AspNetCore.Mvc.Internal.ControllerActionInvoker|Executing action method CityInfoAPI.Controllers.LanguageController.GetCitiesFromLanguages (CityInfoAPI) - Validation state: Valid
2020-05-07 12:34:24.8036|INFO|Microsoft.EntityFrameworkCore.Infrastructure|Entity Framework Core 2.1.14-servicing-32113 initialized 'CityInfoContext' using provider 'Microsoft.EntityFrameworkCore.SqlServer' with options: None
2020-05-07 12:34:24.8036|INFO|Microsoft.EntityFrameworkCore.Database.Command|Executed DbCommand (0ms) [Parameters=[@__id_0='?' (DbType = Int32)], CommandType='Text', CommandTimeout='30']
SELECT CASE
    WHEN EXISTS (
        SELECT 1
        FROM [Languages] AS [l]
        WHERE [l].[Id] = @__id_0)
    THEN CAST(1 AS BIT) ELSE CAST(0 AS BIT)
END
2020-05-07 12:34:24.8767|INFO|Microsoft.EntityFrameworkCore.Database.Command|Executed DbCommand (3ms) [Parameters=[@__languageID_0='?' (DbType = Int32)], CommandType='Text', CommandTimeout='30']
SELECT [x].[Id], [x].[Description], [x].[Name]
FROM [Cities] AS [x]
WHERE EXISTS (
    SELECT 1
    FROM [CityLanguages] AS [cl]
    WHERE ([cl].[LanguageId] = @__languageID_0) AND ([x].[Id] = [cl].[CityId]))
ORDER BY [x].[Id]
2020-05-07 12:34:24.8925|INFO|Microsoft.EntityFrameworkCore.Database.Command|Executed DbCommand (3ms) [Parameters=[@__languageID_0='?' (DbType = Int32)], CommandType='Text', CommandTimeout='30']
SELECT [x.CityLanguages].[CityId], [x.CityLanguages].[LanguageId]
FROM [CityLanguages] AS [x.CityLanguages]
INNER JOIN (
    SELECT [x0].[Id]
    FROM [Cities] AS [x0]
    WHERE EXISTS (
        SELECT 1
        FROM [CityLanguages] AS [cl0]
        WHERE ([cl0].[LanguageId] = @__languageID_0) AND ([x0].[Id] = [cl0].[CityId]))
) AS [t] ON [x.CityLanguages].[CityId] = [t].[Id]
ORDER BY [t].[Id]
2020-05-07 12:34:24.9029|INFO|Microsoft.EntityFrameworkCore.Database.Command|Executed DbCommand (4ms) [Parameters=[@__languageID_0='?' (DbType = Int32)], CommandType='Text', CommandTimeout='30']
SELECT [x.PointsOfInterest].[Id], [x.PointsOfInterest].[CityId], [x.PointsOfInterest].[Description], [x.PointsOfInterest].[Name]
FROM [PointOfInterest] AS [x.PointsOfInterest]
INNER JOIN (
    SELECT [x1].[Id]
    FROM [Cities] AS [x1]
    WHERE EXISTS (
        SELECT 1
        FROM [CityLanguages] AS [cl1]
        WHERE ([cl1].[LanguageId] = @__languageID_0) AND ([x1].[Id] = [cl1].[CityId]))
) AS [t0] ON [x.PointsOfInterest].[CityId] = [t0].[Id]
ORDER BY [t0].[Id]
2020-05-07 12:34:24.9029|INFO|Microsoft.AspNetCore.Mvc.Internal.ControllerActionInvoker|Executed action method CityInfoAPI.Controllers.LanguageController.GetCitiesFromLanguages (CityInfoAPI), returned result Microsoft.AspNetCore.Mvc.OkObjectResult in 4396.8942ms.
2020-05-07 12:34:24.9117|INFO|Microsoft.AspNetCore.Mvc.Infrastructure.ObjectResultExecutor|Executing ObjectResult, writing value of type 'System.Collections.Generic.List`1[[CityInfoAPI.Models.CityDto, CityInfoAPI, Version=1.0.0.0, Culture=neutral, PublicKeyToken=null]]'.
2020-05-07 12:34:24.9117|INFO|Microsoft.AspNetCore.Mvc.Internal.ControllerActionInvoker|Executed action CityInfoAPI.Controllers.LanguageController.GetCitiesFromLanguages (CityInfoAPI) in 4409.1092ms
2020-05-07 12:34:24.9117|INFO|Microsoft.AspNetCore.Hosting.Internal.WebHost|Request finished in 4420.6875ms 200 application/json; charset=utf-8
2020-05-07 12:35:36.8964|INFO|CityInfoAPI.Program|Initializing application...
2020-05-07 12:35:38.2570|INFO|Microsoft.EntityFrameworkCore.Infrastructure|Entity Framework Core 2.1.14-servicing-32113 initialized 'CityInfoContext' using provider 'Microsoft.EntityFrameworkCore.SqlServer' with options: None
2020-05-07 12:35:39.0272|INFO|Microsoft.EntityFrameworkCore.Database.Command|Executed DbCommand (2ms) [Parameters=[], CommandType='Text', CommandTimeout='60']
IF SERVERPROPERTY('EngineEdition') <> 5
BEGIN
    ALTER DATABASE [CityInfoDB] SET SINGLE_USER WITH ROLLBACK IMMEDIATE;
END;
2020-05-07 12:35:39.0451|INFO|Microsoft.EntityFrameworkCore.Database.Command|Executed DbCommand (15ms) [Parameters=[], CommandType='Text', CommandTimeout='60']
DROP DATABASE [CityInfoDB];
2020-05-07 12:35:49.2037|INFO|Microsoft.EntityFrameworkCore.Database.Command|Executed DbCommand (142ms) [Parameters=[], CommandType='Text', CommandTimeout='60']
CREATE DATABASE [CityInfoDB];
2020-05-07 12:35:49.2399|INFO|Microsoft.EntityFrameworkCore.Database.Command|Executed DbCommand (35ms) [Parameters=[], CommandType='Text', CommandTimeout='60']
IF SERVERPROPERTY('EngineEdition') <> 5
BEGIN
    ALTER DATABASE [CityInfoDB] SET READ_COMMITTED_SNAPSHOT ON;
END;
2020-05-07 12:35:49.2808|INFO|Microsoft.EntityFrameworkCore.Database.Command|Executed DbCommand (5ms) [Parameters=[], CommandType='Text', CommandTimeout='30']
CREATE TABLE [__EFMigrationsHistory] (
    [MigrationId] nvarchar(150) NOT NULL,
    [ProductVersion] nvarchar(32) NOT NULL,
    CONSTRAINT [PK___EFMigrationsHistory] PRIMARY KEY ([MigrationId])
);
2020-05-07 12:35:49.2808|INFO|Microsoft.EntityFrameworkCore.Database.Command|Executed DbCommand (1ms) [Parameters=[], CommandType='Text', CommandTimeout='30']
SELECT OBJECT_ID(N'[__EFMigrationsHistory]');
2020-05-07 12:35:49.2874|INFO|Microsoft.EntityFrameworkCore.Database.Command|Executed DbCommand (1ms) [Parameters=[], CommandType='Text', CommandTimeout='30']
SELECT [MigrationId], [ProductVersion]
FROM [__EFMigrationsHistory]
ORDER BY [MigrationId];
2020-05-07 12:35:49.2874|INFO|Microsoft.EntityFrameworkCore.Migrations|Applying migration '20200408094330_CityInfoDBInitialMigration'.
2020-05-07 12:35:49.3052|INFO|Microsoft.EntityFrameworkCore.Database.Command|Executed DbCommand (1ms) [Parameters=[], CommandType='Text', CommandTimeout='30']
CREATE TABLE [Cities] (
    [Id] int NOT NULL IDENTITY,
    [Name] nvarchar(50) NOT NULL,
    [Description] nvarchar(200) NULL,
    CONSTRAINT [PK_Cities] PRIMARY KEY ([Id])
);
2020-05-07 12:35:49.3052|INFO|Microsoft.EntityFrameworkCore.Database.Command|Executed DbCommand (1ms) [Parameters=[], CommandType='Text', CommandTimeout='30']
CREATE TABLE [PointOfInterest] (
    [Id] int NOT NULL IDENTITY,
    [Name] nvarchar(50) NOT NULL,
    [CityId] int NOT NULL,
    CONSTRAINT [PK_PointOfInterest] PRIMARY KEY ([Id]),
    CONSTRAINT [FK_PointOfInterest_Cities_CityId] FOREIGN KEY ([CityId]) REFERENCES [Cities] ([Id]) ON DELETE CASCADE
);
2020-05-07 12:35:49.3052|INFO|Microsoft.EntityFrameworkCore.Database.Command|Executed DbCommand (1ms) [Parameters=[], CommandType='Text', CommandTimeout='30']
CREATE INDEX [IX_PointOfInterest_CityId] ON [PointOfInterest] ([CityId]);
2020-05-07 12:35:49.3052|INFO|Microsoft.EntityFrameworkCore.Database.Command|Executed DbCommand (1ms) [Parameters=[], CommandType='Text', CommandTimeout='30']
INSERT INTO [__EFMigrationsHistory] ([MigrationId], [ProductVersion])
VALUES (N'20200408094330_CityInfoDBInitialMigration', N'2.1.14-servicing-32113');
2020-05-07 12:35:49.3052|INFO|Microsoft.EntityFrameworkCore.Migrations|Applying migration '20200408095834_CityInfoDBAddPoIDescription'.
2020-05-07 12:35:49.3219|INFO|Microsoft.EntityFrameworkCore.Database.Command|Executed DbCommand (1ms) [Parameters=[], CommandType='Text', CommandTimeout='30']
ALTER TABLE [PointOfInterest] ADD [Description] nvarchar(200) NULL;
2020-05-07 12:35:49.3219|INFO|Microsoft.EntityFrameworkCore.Database.Command|Executed DbCommand (1ms) [Parameters=[], CommandType='Text', CommandTimeout='30']
INSERT INTO [__EFMigrationsHistory] ([MigrationId], [ProductVersion])
VALUES (N'20200408095834_CityInfoDBAddPoIDescription', N'2.1.14-servicing-32113');
2020-05-07 12:35:49.3219|INFO|Microsoft.EntityFrameworkCore.Migrations|Applying migration '20200408101808_SampleData'.
2020-05-07 12:35:49.3530|INFO|Microsoft.EntityFrameworkCore.Database.Command|Executed DbCommand (20ms) [Parameters=[], CommandType='Text', CommandTimeout='30']
IF EXISTS (SELECT * FROM [sys].[identity_columns] WHERE [name] IN (N'Id', N'Description', N'Name') AND [object_id] = OBJECT_ID(N'[Cities]'))
    SET IDENTITY_INSERT [Cities] ON;
INSERT INTO [Cities] ([Id], [Description], [Name])
VALUES (1, N'The one with that big park.', N'New York City');
IF EXISTS (SELECT * FROM [sys].[identity_columns] WHERE [name] IN (N'Id', N'Description', N'Name') AND [object_id] = OBJECT_ID(N'[Cities]'))
    SET IDENTITY_INSERT [Cities] OFF;
2020-05-07 12:35:49.3530|INFO|Microsoft.EntityFrameworkCore.Database.Command|Executed DbCommand (5ms) [Parameters=[], CommandType='Text', CommandTimeout='30']
IF EXISTS (SELECT * FROM [sys].[identity_columns] WHERE [name] IN (N'Id', N'Description', N'Name') AND [object_id] = OBJECT_ID(N'[Cities]'))
    SET IDENTITY_INSERT [Cities] ON;
INSERT INTO [Cities] ([Id], [Description], [Name])
VALUES (2, N'The one with the cathedral that was never really finished.', N'Antwerp');
IF EXISTS (SELECT * FROM [sys].[identity_columns] WHERE [name] IN (N'Id', N'Description', N'Name') AND [object_id] = OBJECT_ID(N'[Cities]'))
    SET IDENTITY_INSERT [Cities] OFF;
2020-05-07 12:35:49.3664|INFO|Microsoft.EntityFrameworkCore.Database.Command|Executed DbCommand (5ms) [Parameters=[], CommandType='Text', CommandTimeout='30']
IF EXISTS (SELECT * FROM [sys].[identity_columns] WHERE [name] IN (N'Id', N'Description', N'Name') AND [object_id] = OBJECT_ID(N'[Cities]'))
    SET IDENTITY_INSERT [Cities] ON;
INSERT INTO [Cities] ([Id], [Description], [Name])
VALUES (3, N'The one with that big tower.', N'Paris');
IF EXISTS (SELECT * FROM [sys].[identity_columns] WHERE [name] IN (N'Id', N'Description', N'Name') AND [object_id] = OBJECT_ID(N'[Cities]'))
    SET IDENTITY_INSERT [Cities] OFF;
2020-05-07 12:35:49.3664|INFO|Microsoft.EntityFrameworkCore.Database.Command|Executed DbCommand (8ms) [Parameters=[], CommandType='Text', CommandTimeout='30']
IF EXISTS (SELECT * FROM [sys].[identity_columns] WHERE [name] IN (N'Id', N'CityId', N'Description', N'Name') AND [object_id] = OBJECT_ID(N'[PointOfInterest]'))
    SET IDENTITY_INSERT [PointOfInterest] ON;
INSERT INTO [PointOfInterest] ([Id], [CityId], [Description], [Name])
VALUES (1, 1, N'The most visited urban park in the United States.', N'Central Park'),
(2, 1, N'A 102-story skyscraper located in Midtown Manhattan.', N'Empire State Building'),
(3, 2, N'A Gothic style cathedral, conceived by architects Jan and Pieter Appelmans.', N'Cathedral'),
(4, 2, N'The the finest example of railway architecture in Belgium.', N'Antwerp Central Station'),
(5, 3, N'A wrought iron lattice tower on the Champ de Mars, named after engineer Gustave Eiffel.', N'Eiffel Tower'),
(6, 3, N'The world''s largest museum.', N'The Louvre');
IF EXISTS (SELECT * FROM [sys].[identity_columns] WHERE [name] IN (N'Id', N'CityId', N'Description', N'Name') AND [object_id] = OBJECT_ID(N'[PointOfInterest]'))
    SET IDENTITY_INSERT [PointOfInterest] OFF;
2020-05-07 12:35:49.3664|INFO|Microsoft.EntityFrameworkCore.Database.Command|Executed DbCommand (1ms) [Parameters=[], CommandType='Text', CommandTimeout='30']
INSERT INTO [__EFMigrationsHistory] ([MigrationId], [ProductVersion])
VALUES (N'20200408101808_SampleData', N'2.1.14-servicing-32113');
2020-05-07 12:35:49.3838|INFO|Microsoft.EntityFrameworkCore.Migrations|Applying migration '20200415111037_AddLanguage'.
2020-05-07 12:35:49.3838|INFO|Microsoft.EntityFrameworkCore.Database.Command|Executed DbCommand (1ms) [Parameters=[], CommandType='Text', CommandTimeout='30']
CREATE TABLE [Languages] (
    [Id] int NOT NULL IDENTITY,
    [LanguageName] nvarchar(50) NOT NULL,
    CONSTRAINT [PK_Languages] PRIMARY KEY ([Id])
);
2020-05-07 12:35:49.3966|INFO|Microsoft.EntityFrameworkCore.Database.Command|Executed DbCommand (1ms) [Parameters=[], CommandType='Text', CommandTimeout='30']
CREATE TABLE [CityLanguages] (
    [CityId] int NOT NULL,
    [LanguageId] int NOT NULL,
    CONSTRAINT [PK_CityLanguages] PRIMARY KEY ([CityId], [LanguageId]),
    CONSTRAINT [FK_CityLanguages_Cities_CityId] FOREIGN KEY ([CityId]) REFERENCES [Cities] ([Id]) ON DELETE CASCADE,
    CONSTRAINT [FK_CityLanguages_Languages_LanguageId] FOREIGN KEY ([LanguageId]) REFERENCES [Languages] ([Id]) ON DELETE CASCADE
);
2020-05-07 12:35:49.3966|INFO|Microsoft.EntityFrameworkCore.Database.Command|Executed DbCommand (2ms) [Parameters=[], CommandType='Text', CommandTimeout='30']
CREATE INDEX [IX_CityLanguages_LanguageId] ON [CityLanguages] ([LanguageId]);
2020-05-07 12:35:49.3966|INFO|Microsoft.EntityFrameworkCore.Database.Command|Executed DbCommand (1ms) [Parameters=[], CommandType='Text', CommandTimeout='30']
INSERT INTO [__EFMigrationsHistory] ([MigrationId], [ProductVersion])
VALUES (N'20200415111037_AddLanguage', N'2.1.14-servicing-32113');
2020-05-07 12:35:49.3966|INFO|Microsoft.EntityFrameworkCore.Migrations|Applying migration '20200415124150_LanguageName'.
2020-05-07 12:35:49.5359|INFO|Microsoft.EntityFrameworkCore.Database.Command|Executed DbCommand (126ms) [Parameters=[], CommandType='Text', CommandTimeout='30']
EXEC sp_rename N'[Languages].[LanguageName]', N'Name', N'COLUMN';
2020-05-07 12:35:49.5359|INFO|Microsoft.EntityFrameworkCore.Database.Command|Executed DbCommand (0ms) [Parameters=[], CommandType='Text', CommandTimeout='30']
INSERT INTO [__EFMigrationsHistory] ([MigrationId], [ProductVersion])
VALUES (N'20200415124150_LanguageName', N'2.1.14-servicing-32113');
2020-05-07 12:35:49.5649|INFO|Microsoft.AspNetCore.DataProtection.KeyManagement.XmlKeyManager|User profile is available. Using 'C:\Users\TheOwlGamerPC\AppData\Local\ASP.NET\DataProtection-Keys' as key repository and Windows DPAPI to encrypt keys at rest.
2020-05-07 12:35:49.8823|INFO|Microsoft.AspNetCore.Hosting.Internal.WebHost|Request starting HTTP/1.1 DEBUG http://localhost:1028/  0
2020-05-07 12:35:49.8966|INFO|Microsoft.AspNetCore.Hosting.Internal.WebHost|Request finished in 13.704ms 200 
2020-05-07 12:35:53.2803|INFO|Microsoft.AspNetCore.Hosting.Internal.WebHost|Request starting HTTP/1.1 POST http://localhost:1028/api/languages application/json 21
2020-05-07 12:35:53.3589|INFO|Microsoft.AspNetCore.Mvc.Internal.ControllerActionInvoker|Route matched with {action = "AddLanguages", controller = "Language"}. Executing controller action with signature Microsoft.AspNetCore.Mvc.IActionResult AddLanguages(CityInfoAPI.Models.LanguageOfCreation) on controller CityInfoAPI.Controllers.LanguageController (CityInfoAPI).
2020-05-07 12:35:53.6920|INFO|Microsoft.AspNetCore.Mvc.Internal.ControllerActionInvoker|Executing action method CityInfoAPI.Controllers.LanguageController.AddLanguages (CityInfoAPI) - Validation state: Valid
2020-05-07 12:35:53.7143|INFO|Microsoft.EntityFrameworkCore.Infrastructure|Entity Framework Core 2.1.14-servicing-32113 initialized 'CityInfoContext' using provider 'Microsoft.EntityFrameworkCore.SqlServer' with options: None
2020-05-07 12:35:53.7624|INFO|Microsoft.EntityFrameworkCore.Database.Command|Executed DbCommand (5ms) [Parameters=[@p0='?' (Size = 50)], CommandType='Text', CommandTimeout='30']
SET NOCOUNT ON;
INSERT INTO [Languages] ([Name])
VALUES (@p0);
SELECT [Id]
FROM [Languages]
WHERE @@ROWCOUNT = 1 AND [Id] = scope_identity();
2020-05-07 12:35:53.7837|INFO|Microsoft.AspNetCore.Mvc.Internal.ControllerActionInvoker|Executed action method CityInfoAPI.Controllers.LanguageController.AddLanguages (CityInfoAPI), returned result Microsoft.AspNetCore.Mvc.CreatedAtRouteResult in 87.4762ms.
2020-05-07 12:35:53.7915|INFO|Microsoft.AspNetCore.Mvc.Infrastructure.ObjectResultExecutor|Executing ObjectResult, writing value of type 'CityInfoAPI.Models.LanguageDto'.
2020-05-07 12:35:53.8055|INFO|Microsoft.AspNetCore.Mvc.Internal.ControllerActionInvoker|Executed action CityInfoAPI.Controllers.LanguageController.AddLanguages (CityInfoAPI) in 441.4787ms
2020-05-07 12:35:53.8055|INFO|Microsoft.AspNetCore.Hosting.Internal.WebHost|Request finished in 529.439ms 201 application/json; charset=utf-8
2020-05-07 12:35:57.9968|INFO|Microsoft.AspNetCore.Hosting.Internal.WebHost|Request starting HTTP/1.1 POST http://localhost:1028/api/cities/1/languages application/json 12
2020-05-07 12:35:57.9968|INFO|Microsoft.AspNetCore.Mvc.Internal.ControllerActionInvoker|Route matched with {action = "AddLanguageFromCity", controller = "Cities"}. Executing controller action with signature Microsoft.AspNetCore.Mvc.IActionResult AddLanguageFromCity(Int32, CityInfoAPI.Models.LanguageCityForAddingDto) on controller CityInfoAPI.Controllers.CitiesController (CityInfoAPI).
2020-05-07 12:35:58.0146|INFO|Microsoft.AspNetCore.Mvc.Internal.ControllerActionInvoker|Executing action method CityInfoAPI.Controllers.CitiesController.AddLanguageFromCity (CityInfoAPI) - Validation state: Valid
2020-05-07 12:35:58.0146|INFO|Microsoft.EntityFrameworkCore.Infrastructure|Entity Framework Core 2.1.14-servicing-32113 initialized 'CityInfoContext' using provider 'Microsoft.EntityFrameworkCore.SqlServer' with options: None
2020-05-07 12:35:58.0875|INFO|Microsoft.EntityFrameworkCore.Database.Command|Executed DbCommand (1ms) [Parameters=[@__cityId_0='?' (DbType = Int32)], CommandType='Text', CommandTimeout='30']
SELECT CASE
    WHEN EXISTS (
        SELECT 1
        FROM [Cities] AS [c]
        WHERE [c].[Id] = @__cityId_0)
    THEN CAST(1 AS BIT) ELSE CAST(0 AS BIT)
END
2020-05-07 12:35:58.0875|INFO|Microsoft.EntityFrameworkCore.Database.Command|Executed DbCommand (1ms) [Parameters=[@__id_0='?' (DbType = Int32)], CommandType='Text', CommandTimeout='30']
SELECT CASE
    WHEN EXISTS (
        SELECT 1
        FROM [Languages] AS [l]
        WHERE [l].[Id] = @__id_0)
    THEN CAST(1 AS BIT) ELSE CAST(0 AS BIT)
END
2020-05-07 12:35:58.1068|INFO|Microsoft.EntityFrameworkCore.Database.Command|Executed DbCommand (1ms) [Parameters=[@p0='?' (DbType = Int32), @p1='?' (DbType = Int32)], CommandType='Text', CommandTimeout='30']
SET NOCOUNT ON;
INSERT INTO [CityLanguages] ([CityId], [LanguageId])
VALUES (@p0, @p1);
2020-05-07 12:35:58.1068|INFO|Microsoft.AspNetCore.Mvc.Internal.ControllerActionInvoker|Executed action method CityInfoAPI.Controllers.CitiesController.AddLanguageFromCity (CityInfoAPI), returned result Microsoft.AspNetCore.Mvc.NoContentResult in 93.2085ms.
2020-05-07 12:35:58.1144|INFO|Microsoft.AspNetCore.Mvc.StatusCodeResult|Executing HttpStatusCodeResult, setting HTTP status code 204
2020-05-07 12:35:58.1144|INFO|Microsoft.AspNetCore.Mvc.Internal.ControllerActionInvoker|Executed action CityInfoAPI.Controllers.CitiesController.AddLanguageFromCity (CityInfoAPI) in 112.1899ms
2020-05-07 12:35:58.1144|INFO|Microsoft.AspNetCore.Hosting.Internal.WebHost|Request finished in 125.536ms 204 
2020-05-07 12:36:03.0887|INFO|Microsoft.AspNetCore.Hosting.Internal.WebHost|Request starting HTTP/1.1 GET http://localhost:1028/api/languages/1/cities  
2020-05-07 12:36:03.0887|INFO|Microsoft.AspNetCore.Mvc.Internal.ControllerActionInvoker|Route matched with {action = "GetCitiesFromLanguages", controller = "Language"}. Executing controller action with signature Microsoft.AspNetCore.Mvc.ActionResult`1[System.Collections.Generic.IEnumerable`1[CityInfoAPI.Models.CityDto]] GetCitiesFromLanguages(Int32) on controller CityInfoAPI.Controllers.LanguageController (CityInfoAPI).
2020-05-07 12:36:03.0887|INFO|Microsoft.AspNetCore.Mvc.Internal.ControllerActionInvoker|Executing action method CityInfoAPI.Controllers.LanguageController.GetCitiesFromLanguages (CityInfoAPI) - Validation state: Valid
2020-05-07 12:36:03.0887|INFO|Microsoft.EntityFrameworkCore.Infrastructure|Entity Framework Core 2.1.14-servicing-32113 initialized 'CityInfoContext' using provider 'Microsoft.EntityFrameworkCore.SqlServer' with options: None
2020-05-07 12:36:03.1000|INFO|Microsoft.EntityFrameworkCore.Database.Command|Executed DbCommand (0ms) [Parameters=[@__id_0='?' (DbType = Int32)], CommandType='Text', CommandTimeout='30']
SELECT CASE
    WHEN EXISTS (
        SELECT 1
        FROM [Languages] AS [l]
        WHERE [l].[Id] = @__id_0)
    THEN CAST(1 AS BIT) ELSE CAST(0 AS BIT)
END
2020-05-07 12:36:03.1701|INFO|Microsoft.EntityFrameworkCore.Database.Command|Executed DbCommand (3ms) [Parameters=[@__languageID_0='?' (DbType = Int32)], CommandType='Text', CommandTimeout='30']
SELECT [x].[Id], [x].[Description], [x].[Name]
FROM [Cities] AS [x]
WHERE EXISTS (
    SELECT 1
    FROM [CityLanguages] AS [cl]
    WHERE ([cl].[LanguageId] = @__languageID_0) AND ([x].[Id] = [cl].[CityId]))
ORDER BY [x].[Id]
2020-05-07 12:36:03.1903|INFO|Microsoft.EntityFrameworkCore.Database.Command|Executed DbCommand (7ms) [Parameters=[@__languageID_0='?' (DbType = Int32)], CommandType='Text', CommandTimeout='30']
SELECT [x.CityLanguages].[CityId], [x.CityLanguages].[LanguageId], [c.Language].[Id], [c.Language].[Name]
FROM [CityLanguages] AS [x.CityLanguages]
INNER JOIN [Languages] AS [c.Language] ON [x.CityLanguages].[LanguageId] = [c.Language].[Id]
INNER JOIN (
    SELECT [x0].[Id]
    FROM [Cities] AS [x0]
    WHERE EXISTS (
        SELECT 1
        FROM [CityLanguages] AS [cl0]
        WHERE ([cl0].[LanguageId] = @__languageID_0) AND ([x0].[Id] = [cl0].[CityId]))
) AS [t] ON [x.CityLanguages].[CityId] = [t].[Id]
ORDER BY [t].[Id]
2020-05-07 12:36:03.2068|INFO|Microsoft.EntityFrameworkCore.Database.Command|Executed DbCommand (5ms) [Parameters=[@__languageID_0='?' (DbType = Int32)], CommandType='Text', CommandTimeout='30']
SELECT [x.PointsOfInterest].[Id], [x.PointsOfInterest].[CityId], [x.PointsOfInterest].[Description], [x.PointsOfInterest].[Name]
FROM [PointOfInterest] AS [x.PointsOfInterest]
INNER JOIN (
    SELECT [x1].[Id]
    FROM [Cities] AS [x1]
    WHERE EXISTS (
        SELECT 1
        FROM [CityLanguages] AS [cl1]
        WHERE ([cl1].[LanguageId] = @__languageID_0) AND ([x1].[Id] = [cl1].[CityId]))
) AS [t0] ON [x.PointsOfInterest].[CityId] = [t0].[Id]
ORDER BY [t0].[Id]
2020-05-07 12:36:03.2159|INFO|Microsoft.AspNetCore.Mvc.Internal.ControllerActionInvoker|Executed action method CityInfoAPI.Controllers.LanguageController.GetCitiesFromLanguages (CityInfoAPI), returned result Microsoft.AspNetCore.Mvc.OkObjectResult in 119.6883ms.
2020-05-07 12:36:03.2159|INFO|Microsoft.AspNetCore.Mvc.Infrastructure.ObjectResultExecutor|Executing ObjectResult, writing value of type 'System.Collections.Generic.List`1[[CityInfoAPI.Models.CityDto, CityInfoAPI, Version=1.0.0.0, Culture=neutral, PublicKeyToken=null]]'.
2020-05-07 12:36:03.2267|INFO|Microsoft.AspNetCore.Mvc.Internal.ControllerActionInvoker|Executed action CityInfoAPI.Controllers.LanguageController.GetCitiesFromLanguages (CityInfoAPI) in 132.3131ms
2020-05-07 12:36:03.2267|INFO|Microsoft.AspNetCore.Hosting.Internal.WebHost|Request finished in 141.9912ms 200 application/json; charset=utf-8
2020-05-07 13:38:25.5735|INFO|Microsoft.EntityFrameworkCore.Infrastructure|Entity Framework Core 2.1.14-servicing-32113 initialized 'CityInfoContext' using provider 'Microsoft.EntityFrameworkCore.SqlServer' with options: None
2020-05-07 13:45:43.7883|INFO|Microsoft.EntityFrameworkCore.Infrastructure|Entity Framework Core 2.1.14-servicing-32113 initialized 'CityInfoContext' using provider 'Microsoft.EntityFrameworkCore.SqlServer' with options: None
2020-05-07 13:45:44.5269|INFO|Microsoft.EntityFrameworkCore.Database.Command|Executed DbCommand (4ms) [Parameters=[], CommandType='Text', CommandTimeout='30']
SELECT OBJECT_ID(N'[__EFMigrationsHistory]');
2020-05-07 13:45:44.5269|INFO|Microsoft.EntityFrameworkCore.Database.Command|Executed DbCommand (1ms) [Parameters=[], CommandType='Text', CommandTimeout='30']
SELECT OBJECT_ID(N'[__EFMigrationsHistory]');
2020-05-07 13:45:44.5269|INFO|Microsoft.EntityFrameworkCore.Database.Command|Executed DbCommand (1ms) [Parameters=[], CommandType='Text', CommandTimeout='30']
SELECT [MigrationId], [ProductVersion]
FROM [__EFMigrationsHistory]
ORDER BY [MigrationId];
2020-05-07 13:45:44.5391|INFO|Microsoft.EntityFrameworkCore.Migrations|Applying migration '20200507113825_init'.
2020-05-07 13:45:44.5911|ERROR|Microsoft.EntityFrameworkCore.Database.Command|Failed executing DbCommand (3ms) [Parameters=[], CommandType='Text', CommandTimeout='30']
CREATE TABLE [Cities] (
    [Id] int NOT NULL IDENTITY,
    [Name] nvarchar(50) NOT NULL,
    [Description] nvarchar(200) NULL,
    CONSTRAINT [PK_Cities] PRIMARY KEY ([Id])
);
2020-05-07 13:46:43.3757|INFO|Microsoft.EntityFrameworkCore.Infrastructure|Entity Framework Core 2.1.14-servicing-32113 initialized 'CityInfoContext' using provider 'Microsoft.EntityFrameworkCore.SqlServer' with options: None
2020-05-07 13:46:53.6271|INFO|Microsoft.EntityFrameworkCore.Database.Command|Executed DbCommand (132ms) [Parameters=[], CommandType='Text', CommandTimeout='60']
CREATE DATABASE [CityInfoDB];
2020-05-07 13:46:53.6687|INFO|Microsoft.EntityFrameworkCore.Database.Command|Executed DbCommand (39ms) [Parameters=[], CommandType='Text', CommandTimeout='60']
IF SERVERPROPERTY('EngineEdition') <> 5
BEGIN
    ALTER DATABASE [CityInfoDB] SET READ_COMMITTED_SNAPSHOT ON;
END;
2020-05-07 13:46:53.7076|INFO|Microsoft.EntityFrameworkCore.Database.Command|Executed DbCommand (4ms) [Parameters=[], CommandType='Text', CommandTimeout='30']
CREATE TABLE [__EFMigrationsHistory] (
    [MigrationId] nvarchar(150) NOT NULL,
    [ProductVersion] nvarchar(32) NOT NULL,
    CONSTRAINT [PK___EFMigrationsHistory] PRIMARY KEY ([MigrationId])
);
2020-05-07 13:46:53.7091|INFO|Microsoft.EntityFrameworkCore.Database.Command|Executed DbCommand (1ms) [Parameters=[], CommandType='Text', CommandTimeout='30']
SELECT OBJECT_ID(N'[__EFMigrationsHistory]');
2020-05-07 13:46:53.7091|INFO|Microsoft.EntityFrameworkCore.Database.Command|Executed DbCommand (1ms) [Parameters=[], CommandType='Text', CommandTimeout='30']
SELECT [MigrationId], [ProductVersion]
FROM [__EFMigrationsHistory]
ORDER BY [MigrationId];
2020-05-07 13:46:53.7091|INFO|Microsoft.EntityFrameworkCore.Migrations|Applying migration '20200507113825_init'.
2020-05-07 13:46:53.7303|INFO|Microsoft.EntityFrameworkCore.Database.Command|Executed DbCommand (1ms) [Parameters=[], CommandType='Text', CommandTimeout='30']
CREATE TABLE [Cities] (
    [Id] int NOT NULL IDENTITY,
    [Name] nvarchar(50) NOT NULL,
    [Description] nvarchar(200) NULL,
    CONSTRAINT [PK_Cities] PRIMARY KEY ([Id])
);
2020-05-07 13:46:53.7303|INFO|Microsoft.EntityFrameworkCore.Database.Command|Executed DbCommand (1ms) [Parameters=[], CommandType='Text', CommandTimeout='30']
CREATE TABLE [Languages] (
    [Id] int NOT NULL IDENTITY,
    [Name] nvarchar(50) NOT NULL,
    CONSTRAINT [PK_Languages] PRIMARY KEY ([Id])
);
2020-05-07 13:46:53.7303|INFO|Microsoft.EntityFrameworkCore.Database.Command|Executed DbCommand (1ms) [Parameters=[], CommandType='Text', CommandTimeout='30']
CREATE TABLE [PointOfInterest] (
    [Id] int NOT NULL IDENTITY,
    [Name] nvarchar(50) NOT NULL,
    [Description] nvarchar(200) NULL,
    [CityId] int NOT NULL,
    CONSTRAINT [PK_PointOfInterest] PRIMARY KEY ([Id]),
    CONSTRAINT [FK_PointOfInterest_Cities_CityId] FOREIGN KEY ([CityId]) REFERENCES [Cities] ([Id]) ON DELETE CASCADE
);
2020-05-07 13:46:54.0710|INFO|Microsoft.EntityFrameworkCore.Database.Command|Executed DbCommand (1ms) [Parameters=[], CommandType='Text', CommandTimeout='30']
CREATE TABLE [CityLanguages] (
    [CityId] int NOT NULL,
    [LanguageId] int NOT NULL,
    CONSTRAINT [PK_CityLanguages] PRIMARY KEY ([CityId], [LanguageId]),
    CONSTRAINT [FK_CityLanguages_Cities_CityId] FOREIGN KEY ([CityId]) REFERENCES [Cities] ([Id]) ON DELETE CASCADE,
    CONSTRAINT [FK_CityLanguages_Languages_LanguageId] FOREIGN KEY ([LanguageId]) REFERENCES [Languages] ([Id]) ON DELETE CASCADE
);
2020-05-07 13:46:54.0865|INFO|Microsoft.EntityFrameworkCore.Database.Command|Executed DbCommand (15ms) [Parameters=[], CommandType='Text', CommandTimeout='30']
IF EXISTS (SELECT * FROM [sys].[identity_columns] WHERE [name] IN (N'Id', N'Description', N'Name') AND [object_id] = OBJECT_ID(N'[Cities]'))
    SET IDENTITY_INSERT [Cities] ON;
INSERT INTO [Cities] ([Id], [Description], [Name])
VALUES (1, N'The one with that big park.', N'New York City');
IF EXISTS (SELECT * FROM [sys].[identity_columns] WHERE [name] IN (N'Id', N'Description', N'Name') AND [object_id] = OBJECT_ID(N'[Cities]'))
    SET IDENTITY_INSERT [Cities] OFF;
2020-05-07 13:46:54.0865|INFO|Microsoft.EntityFrameworkCore.Database.Command|Executed DbCommand (5ms) [Parameters=[], CommandType='Text', CommandTimeout='30']
IF EXISTS (SELECT * FROM [sys].[identity_columns] WHERE [name] IN (N'Id', N'Description', N'Name') AND [object_id] = OBJECT_ID(N'[Cities]'))
    SET IDENTITY_INSERT [Cities] ON;
INSERT INTO [Cities] ([Id], [Description], [Name])
VALUES (2, N'The one with the cathedral that was never really finished.', N'Antwerp');
IF EXISTS (SELECT * FROM [sys].[identity_columns] WHERE [name] IN (N'Id', N'Description', N'Name') AND [object_id] = OBJECT_ID(N'[Cities]'))
    SET IDENTITY_INSERT [Cities] OFF;
2020-05-07 13:46:55.1070|INFO|Microsoft.EntityFrameworkCore.Database.Command|Executed DbCommand (5ms) [Parameters=[], CommandType='Text', CommandTimeout='30']
IF EXISTS (SELECT * FROM [sys].[identity_columns] WHERE [name] IN (N'Id', N'Description', N'Name') AND [object_id] = OBJECT_ID(N'[Cities]'))
    SET IDENTITY_INSERT [Cities] ON;
INSERT INTO [Cities] ([Id], [Description], [Name])
VALUES (3, N'The one with that big tower.', N'Paris');
IF EXISTS (SELECT * FROM [sys].[identity_columns] WHERE [name] IN (N'Id', N'Description', N'Name') AND [object_id] = OBJECT_ID(N'[Cities]'))
    SET IDENTITY_INSERT [Cities] OFF;
2020-05-07 13:46:55.1070|INFO|Microsoft.EntityFrameworkCore.Database.Command|Executed DbCommand (7ms) [Parameters=[], CommandType='Text', CommandTimeout='30']
IF EXISTS (SELECT * FROM [sys].[identity_columns] WHERE [name] IN (N'Id', N'CityId', N'Description', N'Name') AND [object_id] = OBJECT_ID(N'[PointOfInterest]'))
    SET IDENTITY_INSERT [PointOfInterest] ON;
INSERT INTO [PointOfInterest] ([Id], [CityId], [Description], [Name])
VALUES (1, 1, N'The most visited urban park in the United States.', N'Central Park'),
(2, 1, N'A 102-story skyscraper located in Midtown Manhattan.', N'Empire State Building'),
(3, 2, N'A Gothic style cathedral, conceived by architects Jan and Pieter Appelmans.', N'Cathedral'),
(4, 2, N'The the finest example of railway architecture in Belgium.', N'Antwerp Central Station'),
(5, 3, N'A wrought iron lattice tower on the Champ de Mars, named after engineer Gustave Eiffel.', N'Eiffel Tower'),
(6, 3, N'The world''s largest museum.', N'The Louvre');
IF EXISTS (SELECT * FROM [sys].[identity_columns] WHERE [name] IN (N'Id', N'CityId', N'Description', N'Name') AND [object_id] = OBJECT_ID(N'[PointOfInterest]'))
    SET IDENTITY_INSERT [PointOfInterest] OFF;
2020-05-07 13:46:55.5223|INFO|Microsoft.EntityFrameworkCore.Database.Command|Executed DbCommand (1ms) [Parameters=[], CommandType='Text', CommandTimeout='30']
CREATE INDEX [IX_CityLanguages_LanguageId] ON [CityLanguages] ([LanguageId]);
2020-05-07 13:46:55.5223|INFO|Microsoft.EntityFrameworkCore.Database.Command|Executed DbCommand (2ms) [Parameters=[], CommandType='Text', CommandTimeout='30']
CREATE INDEX [IX_PointOfInterest_CityId] ON [PointOfInterest] ([CityId]);
2020-05-07 13:46:55.5223|INFO|Microsoft.EntityFrameworkCore.Database.Command|Executed DbCommand (1ms) [Parameters=[], CommandType='Text', CommandTimeout='30']
INSERT INTO [__EFMigrationsHistory] ([MigrationId], [ProductVersion])
VALUES (N'20200507113825_init', N'2.1.14-servicing-32113');
2020-05-07 13:50:59.7221|INFO|CityInfoAPI.UI.Program|Initializing application...
2020-05-07 13:51:01.2991|INFO|Microsoft.EntityFrameworkCore.Infrastructure|Entity Framework Core 2.1.14-servicing-32113 initialized 'CityInfoContext' using provider 'Microsoft.EntityFrameworkCore.SqlServer' with options: None
2020-05-07 13:51:01.4550|INFO|Microsoft.EntityFrameworkCore.Database.Command|Executed DbCommand (2ms) [Parameters=[], CommandType='Text', CommandTimeout='60']
IF SERVERPROPERTY('EngineEdition') <> 5
BEGIN
    ALTER DATABASE [CityInfoDB] SET SINGLE_USER WITH ROLLBACK IMMEDIATE;
END;
2020-05-07 13:51:01.4690|INFO|Microsoft.EntityFrameworkCore.Database.Command|Executed DbCommand (11ms) [Parameters=[], CommandType='Text', CommandTimeout='60']
DROP DATABASE [CityInfoDB];
2020-05-07 13:51:11.6350|INFO|Microsoft.EntityFrameworkCore.Database.Command|Executed DbCommand (148ms) [Parameters=[], CommandType='Text', CommandTimeout='60']
CREATE DATABASE [CityInfoDB];
2020-05-07 13:51:11.6693|INFO|Microsoft.EntityFrameworkCore.Database.Command|Executed DbCommand (33ms) [Parameters=[], CommandType='Text', CommandTimeout='60']
IF SERVERPROPERTY('EngineEdition') <> 5
BEGIN
    ALTER DATABASE [CityInfoDB] SET READ_COMMITTED_SNAPSHOT ON;
END;
2020-05-07 13:51:11.7085|INFO|Microsoft.EntityFrameworkCore.Database.Command|Executed DbCommand (5ms) [Parameters=[], CommandType='Text', CommandTimeout='30']
CREATE TABLE [__EFMigrationsHistory] (
    [MigrationId] nvarchar(150) NOT NULL,
    [ProductVersion] nvarchar(32) NOT NULL,
    CONSTRAINT [PK___EFMigrationsHistory] PRIMARY KEY ([MigrationId])
);
2020-05-07 13:51:11.7085|INFO|Microsoft.EntityFrameworkCore.Database.Command|Executed DbCommand (2ms) [Parameters=[], CommandType='Text', CommandTimeout='30']
SELECT OBJECT_ID(N'[__EFMigrationsHistory]');
2020-05-07 13:51:11.7085|INFO|Microsoft.EntityFrameworkCore.Database.Command|Executed DbCommand (1ms) [Parameters=[], CommandType='Text', CommandTimeout='30']
SELECT [MigrationId], [ProductVersion]
FROM [__EFMigrationsHistory]
ORDER BY [MigrationId];
2020-05-07 13:51:11.7085|INFO|Microsoft.EntityFrameworkCore.Migrations|Applying migration '20200507113825_init'.
2020-05-07 13:51:11.7413|INFO|Microsoft.EntityFrameworkCore.Database.Command|Executed DbCommand (1ms) [Parameters=[], CommandType='Text', CommandTimeout='30']
CREATE TABLE [Cities] (
    [Id] int NOT NULL IDENTITY,
    [Name] nvarchar(50) NOT NULL,
    [Description] nvarchar(200) NULL,
    CONSTRAINT [PK_Cities] PRIMARY KEY ([Id])
);
2020-05-07 13:51:11.7413|INFO|Microsoft.EntityFrameworkCore.Database.Command|Executed DbCommand (1ms) [Parameters=[], CommandType='Text', CommandTimeout='30']
CREATE TABLE [Languages] (
    [Id] int NOT NULL IDENTITY,
    [Name] nvarchar(50) NOT NULL,
    CONSTRAINT [PK_Languages] PRIMARY KEY ([Id])
);
2020-05-07 13:51:11.7413|INFO|Microsoft.EntityFrameworkCore.Database.Command|Executed DbCommand (2ms) [Parameters=[], CommandType='Text', CommandTimeout='30']
CREATE TABLE [PointOfInterest] (
    [Id] int NOT NULL IDENTITY,
    [Name] nvarchar(50) NOT NULL,
    [Description] nvarchar(200) NULL,
    [CityId] int NOT NULL,
    CONSTRAINT [PK_PointOfInterest] PRIMARY KEY ([Id]),
    CONSTRAINT [FK_PointOfInterest_Cities_CityId] FOREIGN KEY ([CityId]) REFERENCES [Cities] ([Id]) ON DELETE CASCADE
);
2020-05-07 13:51:11.7413|INFO|Microsoft.EntityFrameworkCore.Database.Command|Executed DbCommand (2ms) [Parameters=[], CommandType='Text', CommandTimeout='30']
CREATE TABLE [CityLanguages] (
    [CityId] int NOT NULL,
    [LanguageId] int NOT NULL,
    CONSTRAINT [PK_CityLanguages] PRIMARY KEY ([CityId], [LanguageId]),
    CONSTRAINT [FK_CityLanguages_Cities_CityId] FOREIGN KEY ([CityId]) REFERENCES [Cities] ([Id]) ON DELETE CASCADE,
    CONSTRAINT [FK_CityLanguages_Languages_LanguageId] FOREIGN KEY ([LanguageId]) REFERENCES [Languages] ([Id]) ON DELETE CASCADE
);
2020-05-07 13:51:11.7697|INFO|Microsoft.EntityFrameworkCore.Database.Command|Executed DbCommand (16ms) [Parameters=[], CommandType='Text', CommandTimeout='30']
IF EXISTS (SELECT * FROM [sys].[identity_columns] WHERE [name] IN (N'Id', N'Description', N'Name') AND [object_id] = OBJECT_ID(N'[Cities]'))
    SET IDENTITY_INSERT [Cities] ON;
INSERT INTO [Cities] ([Id], [Description], [Name])
VALUES (1, N'The one with that big park.', N'New York City');
IF EXISTS (SELECT * FROM [sys].[identity_columns] WHERE [name] IN (N'Id', N'Description', N'Name') AND [object_id] = OBJECT_ID(N'[Cities]'))
    SET IDENTITY_INSERT [Cities] OFF;
2020-05-07 13:51:11.7769|INFO|Microsoft.EntityFrameworkCore.Database.Command|Executed DbCommand (5ms) [Parameters=[], CommandType='Text', CommandTimeout='30']
IF EXISTS (SELECT * FROM [sys].[identity_columns] WHERE [name] IN (N'Id', N'Description', N'Name') AND [object_id] = OBJECT_ID(N'[Cities]'))
    SET IDENTITY_INSERT [Cities] ON;
INSERT INTO [Cities] ([Id], [Description], [Name])
VALUES (2, N'The one with the cathedral that was never really finished.', N'Antwerp');
IF EXISTS (SELECT * FROM [sys].[identity_columns] WHERE [name] IN (N'Id', N'Description', N'Name') AND [object_id] = OBJECT_ID(N'[Cities]'))
    SET IDENTITY_INSERT [Cities] OFF;
2020-05-07 13:51:11.7769|INFO|Microsoft.EntityFrameworkCore.Database.Command|Executed DbCommand (6ms) [Parameters=[], CommandType='Text', CommandTimeout='30']
IF EXISTS (SELECT * FROM [sys].[identity_columns] WHERE [name] IN (N'Id', N'Description', N'Name') AND [object_id] = OBJECT_ID(N'[Cities]'))
    SET IDENTITY_INSERT [Cities] ON;
INSERT INTO [Cities] ([Id], [Description], [Name])
VALUES (3, N'The one with that big tower.', N'Paris');
IF EXISTS (SELECT * FROM [sys].[identity_columns] WHERE [name] IN (N'Id', N'Description', N'Name') AND [object_id] = OBJECT_ID(N'[Cities]'))
    SET IDENTITY_INSERT [Cities] OFF;
2020-05-07 13:51:11.7941|INFO|Microsoft.EntityFrameworkCore.Database.Command|Executed DbCommand (7ms) [Parameters=[], CommandType='Text', CommandTimeout='30']
IF EXISTS (SELECT * FROM [sys].[identity_columns] WHERE [name] IN (N'Id', N'CityId', N'Description', N'Name') AND [object_id] = OBJECT_ID(N'[PointOfInterest]'))
    SET IDENTITY_INSERT [PointOfInterest] ON;
INSERT INTO [PointOfInterest] ([Id], [CityId], [Description], [Name])
VALUES (1, 1, N'The most visited urban park in the United States.', N'Central Park'),
(2, 1, N'A 102-story skyscraper located in Midtown Manhattan.', N'Empire State Building'),
(3, 2, N'A Gothic style cathedral, conceived by architects Jan and Pieter Appelmans.', N'Cathedral'),
(4, 2, N'The the finest example of railway architecture in Belgium.', N'Antwerp Central Station'),
(5, 3, N'A wrought iron lattice tower on the Champ de Mars, named after engineer Gustave Eiffel.', N'Eiffel Tower'),
(6, 3, N'The world''s largest museum.', N'The Louvre');
IF EXISTS (SELECT * FROM [sys].[identity_columns] WHERE [name] IN (N'Id', N'CityId', N'Description', N'Name') AND [object_id] = OBJECT_ID(N'[PointOfInterest]'))
    SET IDENTITY_INSERT [PointOfInterest] OFF;
2020-05-07 13:51:11.7941|INFO|Microsoft.EntityFrameworkCore.Database.Command|Executed DbCommand (1ms) [Parameters=[], CommandType='Text', CommandTimeout='30']
CREATE INDEX [IX_CityLanguages_LanguageId] ON [CityLanguages] ([LanguageId]);
2020-05-07 13:51:11.7941|INFO|Microsoft.EntityFrameworkCore.Database.Command|Executed DbCommand (1ms) [Parameters=[], CommandType='Text', CommandTimeout='30']
CREATE INDEX [IX_PointOfInterest_CityId] ON [PointOfInterest] ([CityId]);
2020-05-07 13:51:11.8041|INFO|Microsoft.EntityFrameworkCore.Database.Command|Executed DbCommand (1ms) [Parameters=[], CommandType='Text', CommandTimeout='30']
INSERT INTO [__EFMigrationsHistory] ([MigrationId], [ProductVersion])
VALUES (N'20200507113825_init', N'2.1.14-servicing-32113');
2020-05-07 13:51:11.8399|INFO|Microsoft.AspNetCore.DataProtection.KeyManagement.XmlKeyManager|User profile is available. Using 'C:\Users\TheOwlGamerPC\AppData\Local\ASP.NET\DataProtection-Keys' as key repository and Windows DPAPI to encrypt keys at rest.
2020-05-07 13:51:12.2687|INFO|Microsoft.AspNetCore.Hosting.Internal.WebHost|Request starting HTTP/1.1 DEBUG http://localhost:1028/  0
2020-05-07 13:51:12.2687|INFO|Microsoft.AspNetCore.Hosting.Internal.WebHost|Request starting HTTP/1.1 GET http://localhost:1028/api/testdatabase  
2020-05-07 13:51:12.2847|INFO|Microsoft.AspNetCore.Hosting.Internal.WebHost|Request finished in 17.8156ms 200 
2020-05-07 13:51:12.3734|INFO|Microsoft.AspNetCore.Mvc.Internal.ControllerActionInvoker|Route matched with {action = "TestDatabase", controller = "Dummy"}. Executing controller action with signature Microsoft.AspNetCore.Mvc.IActionResult TestDatabase() on controller CityInfoAPI.Controllers.DummyController (CityInfoAPI.UI).
2020-05-07 13:51:12.3867|INFO|Microsoft.AspNetCore.Mvc.Internal.ControllerActionInvoker|Executing action method CityInfoAPI.Controllers.DummyController.TestDatabase (CityInfoAPI.UI) - Validation state: Valid
2020-05-07 13:51:12.3867|INFO|Microsoft.AspNetCore.Mvc.Internal.ControllerActionInvoker|Executed action method CityInfoAPI.Controllers.DummyController.TestDatabase (CityInfoAPI.UI), returned result Microsoft.AspNetCore.Mvc.OkResult in 0.265ms.
2020-05-07 13:51:12.3988|INFO|Microsoft.AspNetCore.Mvc.StatusCodeResult|Executing HttpStatusCodeResult, setting HTTP status code 200
2020-05-07 13:51:12.3988|INFO|Microsoft.AspNetCore.Mvc.Internal.ControllerActionInvoker|Executed action CityInfoAPI.Controllers.DummyController.TestDatabase (CityInfoAPI.UI) in 25.9001ms
2020-05-07 13:51:12.3988|INFO|Microsoft.AspNetCore.Hosting.Internal.WebHost|Request finished in 142.4195ms 200 
2020-05-07 13:51:17.4289|INFO|Microsoft.AspNetCore.Hosting.Internal.WebHost|Request starting HTTP/1.1 GET http://localhost:1028/api/cities?GoDeeper=true  
2020-05-07 13:51:17.4289|INFO|Microsoft.AspNetCore.Mvc.Internal.ControllerActionInvoker|Route matched with {action = "getCities", controller = "Cities"}. Executing controller action with signature Microsoft.AspNetCore.Mvc.IActionResult getCities(System.String, Boolean) on controller CityInfoAPI.Controllers.CitiesController (CityInfoAPI.UI).
2020-05-07 13:51:17.7187|INFO|Microsoft.AspNetCore.Mvc.Internal.ControllerActionInvoker|Executing action method CityInfoAPI.Controllers.CitiesController.getCities (CityInfoAPI.UI) - Validation state: Valid
2020-05-07 13:51:17.7321|INFO|Microsoft.EntityFrameworkCore.Infrastructure|Entity Framework Core 2.1.14-servicing-32113 initialized 'CityInfoContext' using provider 'Microsoft.EntityFrameworkCore.SqlServer' with options: None
2020-05-07 13:51:17.8667|INFO|Microsoft.EntityFrameworkCore.Database.Command|Executed DbCommand (0ms) [Parameters=[], CommandType='Text', CommandTimeout='30']
SELECT [c].[Id], [c].[Description], [c].[Name]
FROM [Cities] AS [c]
ORDER BY [c].[Id]
2020-05-07 13:51:17.8903|INFO|Microsoft.EntityFrameworkCore.Database.Command|Executed DbCommand (1ms) [Parameters=[], CommandType='Text', CommandTimeout='30']
SELECT [c.CityLanguages].[CityId], [c.CityLanguages].[LanguageId], [c.Language].[Id], [c.Language].[Name]
FROM [CityLanguages] AS [c.CityLanguages]
INNER JOIN [Languages] AS [c.Language] ON [c.CityLanguages].[LanguageId] = [c.Language].[Id]
INNER JOIN (
    SELECT [c0].[Id]
    FROM [Cities] AS [c0]
) AS [t] ON [c.CityLanguages].[CityId] = [t].[Id]
ORDER BY [t].[Id]
2020-05-07 13:51:17.8965|INFO|Microsoft.EntityFrameworkCore.Database.Command|Executed DbCommand (2ms) [Parameters=[], CommandType='Text', CommandTimeout='30']
SELECT [c.PointsOfInterest].[Id], [c.PointsOfInterest].[CityId], [c.PointsOfInterest].[Description], [c.PointsOfInterest].[Name]
FROM [PointOfInterest] AS [c.PointsOfInterest]
INNER JOIN (
    SELECT [c1].[Id]
    FROM [Cities] AS [c1]
) AS [t0] ON [c.PointsOfInterest].[CityId] = [t0].[Id]
ORDER BY [t0].[Id]
2020-05-07 13:51:17.9269|INFO|Microsoft.AspNetCore.Mvc.Internal.ControllerActionInvoker|Executed action method CityInfoAPI.Controllers.CitiesController.getCities (CityInfoAPI.UI), returned result Microsoft.AspNetCore.Mvc.OkObjectResult in 206.1914ms.
2020-05-07 13:51:17.9269|INFO|Microsoft.AspNetCore.Mvc.Infrastructure.ObjectResultExecutor|Executing ObjectResult, writing value of type 'System.Collections.Generic.List`1[[CityInfoAPI.Data.Models.CityDto, CityInfoAPI.Data, Version=1.0.0.0, Culture=neutral, PublicKeyToken=null]]'.
2020-05-07 13:51:17.9736|INFO|Microsoft.AspNetCore.Mvc.Internal.ControllerActionInvoker|Executed action CityInfoAPI.Controllers.CitiesController.getCities (CityInfoAPI.UI) in 532.2855ms
2020-05-07 13:51:17.9736|INFO|Microsoft.AspNetCore.Hosting.Internal.WebHost|Request finished in 549.5552ms 200 application/json; charset=utf-8
